ARM GAS  C:\Users\domen\AppData\Local\Temp\ccHqe2wy.s 			page 1


   1              		.cpu cortex-m3
   2              		.eabi_attribute 20, 1
   3              		.eabi_attribute 21, 1
   4              		.eabi_attribute 23, 3
   5              		.eabi_attribute 24, 1
   6              		.eabi_attribute 25, 1
   7              		.eabi_attribute 26, 1
   8              		.eabi_attribute 30, 1
   9              		.eabi_attribute 34, 1
  10              		.eabi_attribute 18, 4
  11              		.file	"stm32l1xx_ll_pwr.c"
  12              		.text
  13              	.Ltext0:
  14              		.cfi_sections	.debug_frame
  15              		.section	.text.LL_PWR_DeInit,"ax",%progbits
  16              		.align	1
  17              		.global	LL_PWR_DeInit
  18              		.arch armv7-m
  19              		.syntax unified
  20              		.thumb
  21              		.thumb_func
  22              		.fpu softvfp
  24              	LL_PWR_DeInit:
  25              	.LFB129:
  26              		.file 1 "Drivers/STM32L1xx_HAL_Driver/Src/stm32l1xx_ll_pwr.c"
   1:Drivers/STM32L1xx_HAL_Driver/Src/stm32l1xx_ll_pwr.c **** /**
   2:Drivers/STM32L1xx_HAL_Driver/Src/stm32l1xx_ll_pwr.c ****   ******************************************************************************
   3:Drivers/STM32L1xx_HAL_Driver/Src/stm32l1xx_ll_pwr.c ****   * @file    stm32l1xx_ll_pwr.c
   4:Drivers/STM32L1xx_HAL_Driver/Src/stm32l1xx_ll_pwr.c ****   * @author  MCD Application Team
   5:Drivers/STM32L1xx_HAL_Driver/Src/stm32l1xx_ll_pwr.c ****   * @brief   PWR LL module driver.
   6:Drivers/STM32L1xx_HAL_Driver/Src/stm32l1xx_ll_pwr.c ****   ******************************************************************************
   7:Drivers/STM32L1xx_HAL_Driver/Src/stm32l1xx_ll_pwr.c ****   * @attention
   8:Drivers/STM32L1xx_HAL_Driver/Src/stm32l1xx_ll_pwr.c ****   *
   9:Drivers/STM32L1xx_HAL_Driver/Src/stm32l1xx_ll_pwr.c ****   * <h2><center>&copy; Copyright (c) 2017 STMicroelectronics.
  10:Drivers/STM32L1xx_HAL_Driver/Src/stm32l1xx_ll_pwr.c ****   * All rights reserved.</center></h2>
  11:Drivers/STM32L1xx_HAL_Driver/Src/stm32l1xx_ll_pwr.c ****   *
  12:Drivers/STM32L1xx_HAL_Driver/Src/stm32l1xx_ll_pwr.c ****   * This software component is licensed by ST under BSD 3-Clause license,
  13:Drivers/STM32L1xx_HAL_Driver/Src/stm32l1xx_ll_pwr.c ****   * the "License"; You may not use this file except in compliance with the
  14:Drivers/STM32L1xx_HAL_Driver/Src/stm32l1xx_ll_pwr.c ****   * License. You may obtain a copy of the License at:
  15:Drivers/STM32L1xx_HAL_Driver/Src/stm32l1xx_ll_pwr.c ****   *                        opensource.org/licenses/BSD-3-Clause
  16:Drivers/STM32L1xx_HAL_Driver/Src/stm32l1xx_ll_pwr.c ****   *
  17:Drivers/STM32L1xx_HAL_Driver/Src/stm32l1xx_ll_pwr.c ****   ******************************************************************************
  18:Drivers/STM32L1xx_HAL_Driver/Src/stm32l1xx_ll_pwr.c ****   */
  19:Drivers/STM32L1xx_HAL_Driver/Src/stm32l1xx_ll_pwr.c **** #if defined(USE_FULL_LL_DRIVER)
  20:Drivers/STM32L1xx_HAL_Driver/Src/stm32l1xx_ll_pwr.c **** 
  21:Drivers/STM32L1xx_HAL_Driver/Src/stm32l1xx_ll_pwr.c **** /* Includes ------------------------------------------------------------------*/
  22:Drivers/STM32L1xx_HAL_Driver/Src/stm32l1xx_ll_pwr.c **** #include "stm32l1xx_ll_pwr.h"
  23:Drivers/STM32L1xx_HAL_Driver/Src/stm32l1xx_ll_pwr.c **** #include "stm32l1xx_ll_bus.h"
  24:Drivers/STM32L1xx_HAL_Driver/Src/stm32l1xx_ll_pwr.c **** 
  25:Drivers/STM32L1xx_HAL_Driver/Src/stm32l1xx_ll_pwr.c **** /** @addtogroup STM32L1xx_LL_Driver
  26:Drivers/STM32L1xx_HAL_Driver/Src/stm32l1xx_ll_pwr.c ****   * @{
  27:Drivers/STM32L1xx_HAL_Driver/Src/stm32l1xx_ll_pwr.c ****   */
  28:Drivers/STM32L1xx_HAL_Driver/Src/stm32l1xx_ll_pwr.c **** 
  29:Drivers/STM32L1xx_HAL_Driver/Src/stm32l1xx_ll_pwr.c **** #if defined(PWR)
  30:Drivers/STM32L1xx_HAL_Driver/Src/stm32l1xx_ll_pwr.c **** 
  31:Drivers/STM32L1xx_HAL_Driver/Src/stm32l1xx_ll_pwr.c **** /** @defgroup PWR_LL PWR
  32:Drivers/STM32L1xx_HAL_Driver/Src/stm32l1xx_ll_pwr.c ****   * @{
ARM GAS  C:\Users\domen\AppData\Local\Temp\ccHqe2wy.s 			page 2


  33:Drivers/STM32L1xx_HAL_Driver/Src/stm32l1xx_ll_pwr.c ****   */
  34:Drivers/STM32L1xx_HAL_Driver/Src/stm32l1xx_ll_pwr.c **** 
  35:Drivers/STM32L1xx_HAL_Driver/Src/stm32l1xx_ll_pwr.c **** /* Private types -------------------------------------------------------------*/
  36:Drivers/STM32L1xx_HAL_Driver/Src/stm32l1xx_ll_pwr.c **** /* Private variables ---------------------------------------------------------*/
  37:Drivers/STM32L1xx_HAL_Driver/Src/stm32l1xx_ll_pwr.c **** /* Private constants ---------------------------------------------------------*/
  38:Drivers/STM32L1xx_HAL_Driver/Src/stm32l1xx_ll_pwr.c **** /* Private macros ------------------------------------------------------------*/
  39:Drivers/STM32L1xx_HAL_Driver/Src/stm32l1xx_ll_pwr.c **** /* Private function prototypes -----------------------------------------------*/
  40:Drivers/STM32L1xx_HAL_Driver/Src/stm32l1xx_ll_pwr.c **** 
  41:Drivers/STM32L1xx_HAL_Driver/Src/stm32l1xx_ll_pwr.c **** /* Exported functions --------------------------------------------------------*/
  42:Drivers/STM32L1xx_HAL_Driver/Src/stm32l1xx_ll_pwr.c **** /** @addtogroup PWR_LL_Exported_Functions
  43:Drivers/STM32L1xx_HAL_Driver/Src/stm32l1xx_ll_pwr.c ****   * @{
  44:Drivers/STM32L1xx_HAL_Driver/Src/stm32l1xx_ll_pwr.c ****   */
  45:Drivers/STM32L1xx_HAL_Driver/Src/stm32l1xx_ll_pwr.c **** 
  46:Drivers/STM32L1xx_HAL_Driver/Src/stm32l1xx_ll_pwr.c **** /** @addtogroup PWR_LL_EF_Init
  47:Drivers/STM32L1xx_HAL_Driver/Src/stm32l1xx_ll_pwr.c ****   * @{
  48:Drivers/STM32L1xx_HAL_Driver/Src/stm32l1xx_ll_pwr.c ****   */
  49:Drivers/STM32L1xx_HAL_Driver/Src/stm32l1xx_ll_pwr.c **** 
  50:Drivers/STM32L1xx_HAL_Driver/Src/stm32l1xx_ll_pwr.c **** /**
  51:Drivers/STM32L1xx_HAL_Driver/Src/stm32l1xx_ll_pwr.c ****   * @brief  De-initialize the PWR registers to their default reset values.
  52:Drivers/STM32L1xx_HAL_Driver/Src/stm32l1xx_ll_pwr.c ****   * @retval An ErrorStatus enumeration value:
  53:Drivers/STM32L1xx_HAL_Driver/Src/stm32l1xx_ll_pwr.c ****   *          - SUCCESS: PWR registers are de-initialized
  54:Drivers/STM32L1xx_HAL_Driver/Src/stm32l1xx_ll_pwr.c ****   *          - ERROR: not applicable
  55:Drivers/STM32L1xx_HAL_Driver/Src/stm32l1xx_ll_pwr.c ****   */
  56:Drivers/STM32L1xx_HAL_Driver/Src/stm32l1xx_ll_pwr.c **** ErrorStatus LL_PWR_DeInit(void)
  57:Drivers/STM32L1xx_HAL_Driver/Src/stm32l1xx_ll_pwr.c **** {
  27              		.loc 1 57 1 view -0
  28              		.cfi_startproc
  29              		@ args = 0, pretend = 0, frame = 0
  30              		@ frame_needed = 0, uses_anonymous_args = 0
  31              		@ link register save eliminated.
  58:Drivers/STM32L1xx_HAL_Driver/Src/stm32l1xx_ll_pwr.c ****   /* Force reset of PWR clock */
  59:Drivers/STM32L1xx_HAL_Driver/Src/stm32l1xx_ll_pwr.c ****   LL_APB1_GRP1_ForceReset(LL_APB1_GRP1_PERIPH_PWR);
  32              		.loc 1 59 3 view .LVU1
  33              	.LVL0:
  34              	.LBB6:
  35              	.LBI6:
  36              		.file 2 "Drivers/STM32L1xx_HAL_Driver/Inc/stm32l1xx_ll_bus.h"
   1:Drivers/STM32L1xx_HAL_Driver/Inc/stm32l1xx_ll_bus.h **** /**
   2:Drivers/STM32L1xx_HAL_Driver/Inc/stm32l1xx_ll_bus.h ****   ******************************************************************************
   3:Drivers/STM32L1xx_HAL_Driver/Inc/stm32l1xx_ll_bus.h ****   * @file    stm32l1xx_ll_bus.h
   4:Drivers/STM32L1xx_HAL_Driver/Inc/stm32l1xx_ll_bus.h ****   * @author  MCD Application Team
   5:Drivers/STM32L1xx_HAL_Driver/Inc/stm32l1xx_ll_bus.h ****   * @brief   Header file of BUS LL module.
   6:Drivers/STM32L1xx_HAL_Driver/Inc/stm32l1xx_ll_bus.h **** 
   7:Drivers/STM32L1xx_HAL_Driver/Inc/stm32l1xx_ll_bus.h ****   @verbatim
   8:Drivers/STM32L1xx_HAL_Driver/Inc/stm32l1xx_ll_bus.h ****                       ##### RCC Limitations #####
   9:Drivers/STM32L1xx_HAL_Driver/Inc/stm32l1xx_ll_bus.h ****   ==============================================================================
  10:Drivers/STM32L1xx_HAL_Driver/Inc/stm32l1xx_ll_bus.h ****     [..]
  11:Drivers/STM32L1xx_HAL_Driver/Inc/stm32l1xx_ll_bus.h ****       A delay between an RCC peripheral clock enable and the effective peripheral
  12:Drivers/STM32L1xx_HAL_Driver/Inc/stm32l1xx_ll_bus.h ****       enabling should be taken into account in order to manage the peripheral read/write
  13:Drivers/STM32L1xx_HAL_Driver/Inc/stm32l1xx_ll_bus.h ****       from/to registers.
  14:Drivers/STM32L1xx_HAL_Driver/Inc/stm32l1xx_ll_bus.h ****       (+) This delay depends on the peripheral mapping.
  15:Drivers/STM32L1xx_HAL_Driver/Inc/stm32l1xx_ll_bus.h ****         (++) AHB & APB peripherals, 1 dummy read is necessary
  16:Drivers/STM32L1xx_HAL_Driver/Inc/stm32l1xx_ll_bus.h **** 
  17:Drivers/STM32L1xx_HAL_Driver/Inc/stm32l1xx_ll_bus.h ****     [..]
  18:Drivers/STM32L1xx_HAL_Driver/Inc/stm32l1xx_ll_bus.h ****       Workarounds:
  19:Drivers/STM32L1xx_HAL_Driver/Inc/stm32l1xx_ll_bus.h ****       (#) For AHB & APB peripherals, a dummy read to the peripheral register has been
  20:Drivers/STM32L1xx_HAL_Driver/Inc/stm32l1xx_ll_bus.h ****           inserted in each LL_{BUS}_GRP{x}_EnableClock() function.
ARM GAS  C:\Users\domen\AppData\Local\Temp\ccHqe2wy.s 			page 3


  21:Drivers/STM32L1xx_HAL_Driver/Inc/stm32l1xx_ll_bus.h **** 
  22:Drivers/STM32L1xx_HAL_Driver/Inc/stm32l1xx_ll_bus.h ****   @endverbatim
  23:Drivers/STM32L1xx_HAL_Driver/Inc/stm32l1xx_ll_bus.h ****   ******************************************************************************
  24:Drivers/STM32L1xx_HAL_Driver/Inc/stm32l1xx_ll_bus.h ****   * @attention
  25:Drivers/STM32L1xx_HAL_Driver/Inc/stm32l1xx_ll_bus.h ****   *
  26:Drivers/STM32L1xx_HAL_Driver/Inc/stm32l1xx_ll_bus.h ****   * <h2><center>&copy; Copyright(c) 2017 STMicroelectronics.
  27:Drivers/STM32L1xx_HAL_Driver/Inc/stm32l1xx_ll_bus.h ****   * All rights reserved.</center></h2>
  28:Drivers/STM32L1xx_HAL_Driver/Inc/stm32l1xx_ll_bus.h ****   *
  29:Drivers/STM32L1xx_HAL_Driver/Inc/stm32l1xx_ll_bus.h ****   * This software component is licensed by ST under BSD 3-Clause license,
  30:Drivers/STM32L1xx_HAL_Driver/Inc/stm32l1xx_ll_bus.h ****   * the "License"; You may not use this file except in compliance with the
  31:Drivers/STM32L1xx_HAL_Driver/Inc/stm32l1xx_ll_bus.h ****   * License. You may obtain a copy of the License at:
  32:Drivers/STM32L1xx_HAL_Driver/Inc/stm32l1xx_ll_bus.h ****   *                        opensource.org/licenses/BSD-3-Clause
  33:Drivers/STM32L1xx_HAL_Driver/Inc/stm32l1xx_ll_bus.h ****   *
  34:Drivers/STM32L1xx_HAL_Driver/Inc/stm32l1xx_ll_bus.h ****   ******************************************************************************
  35:Drivers/STM32L1xx_HAL_Driver/Inc/stm32l1xx_ll_bus.h ****   */
  36:Drivers/STM32L1xx_HAL_Driver/Inc/stm32l1xx_ll_bus.h **** 
  37:Drivers/STM32L1xx_HAL_Driver/Inc/stm32l1xx_ll_bus.h **** /* Define to prevent recursive inclusion -------------------------------------*/
  38:Drivers/STM32L1xx_HAL_Driver/Inc/stm32l1xx_ll_bus.h **** #ifndef __STM32L1xx_LL_BUS_H
  39:Drivers/STM32L1xx_HAL_Driver/Inc/stm32l1xx_ll_bus.h **** #define __STM32L1xx_LL_BUS_H
  40:Drivers/STM32L1xx_HAL_Driver/Inc/stm32l1xx_ll_bus.h **** 
  41:Drivers/STM32L1xx_HAL_Driver/Inc/stm32l1xx_ll_bus.h **** #ifdef __cplusplus
  42:Drivers/STM32L1xx_HAL_Driver/Inc/stm32l1xx_ll_bus.h **** extern "C" {
  43:Drivers/STM32L1xx_HAL_Driver/Inc/stm32l1xx_ll_bus.h **** #endif
  44:Drivers/STM32L1xx_HAL_Driver/Inc/stm32l1xx_ll_bus.h **** 
  45:Drivers/STM32L1xx_HAL_Driver/Inc/stm32l1xx_ll_bus.h **** /* Includes ------------------------------------------------------------------*/
  46:Drivers/STM32L1xx_HAL_Driver/Inc/stm32l1xx_ll_bus.h **** #include "stm32l1xx.h"
  47:Drivers/STM32L1xx_HAL_Driver/Inc/stm32l1xx_ll_bus.h **** 
  48:Drivers/STM32L1xx_HAL_Driver/Inc/stm32l1xx_ll_bus.h **** /** @addtogroup STM32L1xx_LL_Driver
  49:Drivers/STM32L1xx_HAL_Driver/Inc/stm32l1xx_ll_bus.h ****   * @{
  50:Drivers/STM32L1xx_HAL_Driver/Inc/stm32l1xx_ll_bus.h ****   */
  51:Drivers/STM32L1xx_HAL_Driver/Inc/stm32l1xx_ll_bus.h **** 
  52:Drivers/STM32L1xx_HAL_Driver/Inc/stm32l1xx_ll_bus.h **** #if defined(RCC)
  53:Drivers/STM32L1xx_HAL_Driver/Inc/stm32l1xx_ll_bus.h **** 
  54:Drivers/STM32L1xx_HAL_Driver/Inc/stm32l1xx_ll_bus.h **** /** @defgroup BUS_LL BUS
  55:Drivers/STM32L1xx_HAL_Driver/Inc/stm32l1xx_ll_bus.h ****   * @{
  56:Drivers/STM32L1xx_HAL_Driver/Inc/stm32l1xx_ll_bus.h ****   */
  57:Drivers/STM32L1xx_HAL_Driver/Inc/stm32l1xx_ll_bus.h **** 
  58:Drivers/STM32L1xx_HAL_Driver/Inc/stm32l1xx_ll_bus.h **** /* Private types -------------------------------------------------------------*/
  59:Drivers/STM32L1xx_HAL_Driver/Inc/stm32l1xx_ll_bus.h **** /* Private variables ---------------------------------------------------------*/
  60:Drivers/STM32L1xx_HAL_Driver/Inc/stm32l1xx_ll_bus.h **** 
  61:Drivers/STM32L1xx_HAL_Driver/Inc/stm32l1xx_ll_bus.h **** /* Private constants ---------------------------------------------------------*/
  62:Drivers/STM32L1xx_HAL_Driver/Inc/stm32l1xx_ll_bus.h **** 
  63:Drivers/STM32L1xx_HAL_Driver/Inc/stm32l1xx_ll_bus.h **** /* Private macros ------------------------------------------------------------*/
  64:Drivers/STM32L1xx_HAL_Driver/Inc/stm32l1xx_ll_bus.h **** 
  65:Drivers/STM32L1xx_HAL_Driver/Inc/stm32l1xx_ll_bus.h **** /* Exported types ------------------------------------------------------------*/
  66:Drivers/STM32L1xx_HAL_Driver/Inc/stm32l1xx_ll_bus.h **** /* Exported constants --------------------------------------------------------*/
  67:Drivers/STM32L1xx_HAL_Driver/Inc/stm32l1xx_ll_bus.h **** /** @defgroup BUS_LL_Exported_Constants BUS Exported Constants
  68:Drivers/STM32L1xx_HAL_Driver/Inc/stm32l1xx_ll_bus.h ****   * @{
  69:Drivers/STM32L1xx_HAL_Driver/Inc/stm32l1xx_ll_bus.h ****   */
  70:Drivers/STM32L1xx_HAL_Driver/Inc/stm32l1xx_ll_bus.h **** 
  71:Drivers/STM32L1xx_HAL_Driver/Inc/stm32l1xx_ll_bus.h **** /** @defgroup BUS_LL_EC_AHB1_GRP1_PERIPH  AHB1 GRP1 PERIPH
  72:Drivers/STM32L1xx_HAL_Driver/Inc/stm32l1xx_ll_bus.h ****   * @{
  73:Drivers/STM32L1xx_HAL_Driver/Inc/stm32l1xx_ll_bus.h ****   */
  74:Drivers/STM32L1xx_HAL_Driver/Inc/stm32l1xx_ll_bus.h **** #define LL_AHB1_GRP1_PERIPH_ALL            0xFFFFFFFFU
  75:Drivers/STM32L1xx_HAL_Driver/Inc/stm32l1xx_ll_bus.h **** #define LL_AHB1_GRP1_PERIPH_GPIOA          RCC_AHBENR_GPIOAEN
  76:Drivers/STM32L1xx_HAL_Driver/Inc/stm32l1xx_ll_bus.h **** #define LL_AHB1_GRP1_PERIPH_GPIOB          RCC_AHBENR_GPIOBEN
  77:Drivers/STM32L1xx_HAL_Driver/Inc/stm32l1xx_ll_bus.h **** #define LL_AHB1_GRP1_PERIPH_GPIOC          RCC_AHBENR_GPIOCEN
ARM GAS  C:\Users\domen\AppData\Local\Temp\ccHqe2wy.s 			page 4


  78:Drivers/STM32L1xx_HAL_Driver/Inc/stm32l1xx_ll_bus.h **** #define LL_AHB1_GRP1_PERIPH_GPIOD          RCC_AHBENR_GPIODEN
  79:Drivers/STM32L1xx_HAL_Driver/Inc/stm32l1xx_ll_bus.h **** #if defined(GPIOE)
  80:Drivers/STM32L1xx_HAL_Driver/Inc/stm32l1xx_ll_bus.h **** #define LL_AHB1_GRP1_PERIPH_GPIOE          RCC_AHBENR_GPIOEEN
  81:Drivers/STM32L1xx_HAL_Driver/Inc/stm32l1xx_ll_bus.h **** #endif/*GPIOE*/
  82:Drivers/STM32L1xx_HAL_Driver/Inc/stm32l1xx_ll_bus.h **** #define LL_AHB1_GRP1_PERIPH_GPIOH          RCC_AHBENR_GPIOHEN
  83:Drivers/STM32L1xx_HAL_Driver/Inc/stm32l1xx_ll_bus.h **** #if defined(GPIOF)
  84:Drivers/STM32L1xx_HAL_Driver/Inc/stm32l1xx_ll_bus.h **** #define LL_AHB1_GRP1_PERIPH_GPIOF          RCC_AHBENR_GPIOFEN
  85:Drivers/STM32L1xx_HAL_Driver/Inc/stm32l1xx_ll_bus.h **** #endif/*GPIOF*/
  86:Drivers/STM32L1xx_HAL_Driver/Inc/stm32l1xx_ll_bus.h **** #if defined(GPIOG)
  87:Drivers/STM32L1xx_HAL_Driver/Inc/stm32l1xx_ll_bus.h **** #define LL_AHB1_GRP1_PERIPH_GPIOG          RCC_AHBENR_GPIOGEN
  88:Drivers/STM32L1xx_HAL_Driver/Inc/stm32l1xx_ll_bus.h **** #endif/*GPIOG*/
  89:Drivers/STM32L1xx_HAL_Driver/Inc/stm32l1xx_ll_bus.h **** #define LL_AHB1_GRP1_PERIPH_SRAM           RCC_AHBLPENR_SRAMLPEN
  90:Drivers/STM32L1xx_HAL_Driver/Inc/stm32l1xx_ll_bus.h **** #define LL_AHB1_GRP1_PERIPH_CRC            RCC_AHBENR_CRCEN
  91:Drivers/STM32L1xx_HAL_Driver/Inc/stm32l1xx_ll_bus.h **** #define LL_AHB1_GRP1_PERIPH_FLASH          RCC_AHBENR_FLITFEN
  92:Drivers/STM32L1xx_HAL_Driver/Inc/stm32l1xx_ll_bus.h **** #define LL_AHB1_GRP1_PERIPH_DMA1           RCC_AHBENR_DMA1EN
  93:Drivers/STM32L1xx_HAL_Driver/Inc/stm32l1xx_ll_bus.h **** #if defined(DMA2)
  94:Drivers/STM32L1xx_HAL_Driver/Inc/stm32l1xx_ll_bus.h **** #define LL_AHB1_GRP1_PERIPH_DMA2           RCC_AHBENR_DMA2EN
  95:Drivers/STM32L1xx_HAL_Driver/Inc/stm32l1xx_ll_bus.h **** #endif/*DMA2*/
  96:Drivers/STM32L1xx_HAL_Driver/Inc/stm32l1xx_ll_bus.h **** #if defined(AES)
  97:Drivers/STM32L1xx_HAL_Driver/Inc/stm32l1xx_ll_bus.h **** #define LL_AHB1_GRP1_PERIPH_CRYP           RCC_AHBENR_AESEN
  98:Drivers/STM32L1xx_HAL_Driver/Inc/stm32l1xx_ll_bus.h **** #endif/*AES*/
  99:Drivers/STM32L1xx_HAL_Driver/Inc/stm32l1xx_ll_bus.h **** #if defined(FSMC_Bank1)
 100:Drivers/STM32L1xx_HAL_Driver/Inc/stm32l1xx_ll_bus.h **** #define LL_AHB1_GRP1_PERIPH_FSMC           RCC_AHBENR_FSMCEN
 101:Drivers/STM32L1xx_HAL_Driver/Inc/stm32l1xx_ll_bus.h **** #endif/*FSMC_Bank1*/
 102:Drivers/STM32L1xx_HAL_Driver/Inc/stm32l1xx_ll_bus.h **** /**
 103:Drivers/STM32L1xx_HAL_Driver/Inc/stm32l1xx_ll_bus.h ****   * @}
 104:Drivers/STM32L1xx_HAL_Driver/Inc/stm32l1xx_ll_bus.h ****   */
 105:Drivers/STM32L1xx_HAL_Driver/Inc/stm32l1xx_ll_bus.h **** 
 106:Drivers/STM32L1xx_HAL_Driver/Inc/stm32l1xx_ll_bus.h **** /** @defgroup BUS_LL_EC_APB1_GRP1_PERIPH  APB1 GRP1 PERIPH
 107:Drivers/STM32L1xx_HAL_Driver/Inc/stm32l1xx_ll_bus.h ****   * @{
 108:Drivers/STM32L1xx_HAL_Driver/Inc/stm32l1xx_ll_bus.h ****   */
 109:Drivers/STM32L1xx_HAL_Driver/Inc/stm32l1xx_ll_bus.h **** #define LL_APB1_GRP1_PERIPH_ALL            0xFFFFFFFFU
 110:Drivers/STM32L1xx_HAL_Driver/Inc/stm32l1xx_ll_bus.h **** #define LL_APB1_GRP1_PERIPH_TIM2           RCC_APB1ENR_TIM2EN
 111:Drivers/STM32L1xx_HAL_Driver/Inc/stm32l1xx_ll_bus.h **** #define LL_APB1_GRP1_PERIPH_TIM3           RCC_APB1ENR_TIM3EN
 112:Drivers/STM32L1xx_HAL_Driver/Inc/stm32l1xx_ll_bus.h **** #define LL_APB1_GRP1_PERIPH_TIM4           RCC_APB1ENR_TIM4EN
 113:Drivers/STM32L1xx_HAL_Driver/Inc/stm32l1xx_ll_bus.h **** #if defined(TIM5)
 114:Drivers/STM32L1xx_HAL_Driver/Inc/stm32l1xx_ll_bus.h **** #define LL_APB1_GRP1_PERIPH_TIM5           RCC_APB1ENR_TIM5EN
 115:Drivers/STM32L1xx_HAL_Driver/Inc/stm32l1xx_ll_bus.h **** #endif /*TIM5*/
 116:Drivers/STM32L1xx_HAL_Driver/Inc/stm32l1xx_ll_bus.h **** #define LL_APB1_GRP1_PERIPH_TIM6           RCC_APB1ENR_TIM6EN
 117:Drivers/STM32L1xx_HAL_Driver/Inc/stm32l1xx_ll_bus.h **** #define LL_APB1_GRP1_PERIPH_TIM7           RCC_APB1ENR_TIM7EN
 118:Drivers/STM32L1xx_HAL_Driver/Inc/stm32l1xx_ll_bus.h **** #if defined(LCD)
 119:Drivers/STM32L1xx_HAL_Driver/Inc/stm32l1xx_ll_bus.h **** #define LL_APB1_GRP1_PERIPH_LCD            RCC_APB1ENR_LCDEN
 120:Drivers/STM32L1xx_HAL_Driver/Inc/stm32l1xx_ll_bus.h **** #endif /*LCD*/
 121:Drivers/STM32L1xx_HAL_Driver/Inc/stm32l1xx_ll_bus.h **** #define LL_APB1_GRP1_PERIPH_WWDG           RCC_APB1ENR_WWDGEN
 122:Drivers/STM32L1xx_HAL_Driver/Inc/stm32l1xx_ll_bus.h **** #define LL_APB1_GRP1_PERIPH_SPI2           RCC_APB1ENR_SPI2EN
 123:Drivers/STM32L1xx_HAL_Driver/Inc/stm32l1xx_ll_bus.h **** #if defined(SPI3)
 124:Drivers/STM32L1xx_HAL_Driver/Inc/stm32l1xx_ll_bus.h **** #define LL_APB1_GRP1_PERIPH_SPI3           RCC_APB1ENR_SPI3EN
 125:Drivers/STM32L1xx_HAL_Driver/Inc/stm32l1xx_ll_bus.h **** #endif /*SPI3*/
 126:Drivers/STM32L1xx_HAL_Driver/Inc/stm32l1xx_ll_bus.h **** #define LL_APB1_GRP1_PERIPH_USART2         RCC_APB1ENR_USART2EN
 127:Drivers/STM32L1xx_HAL_Driver/Inc/stm32l1xx_ll_bus.h **** #define LL_APB1_GRP1_PERIPH_USART3         RCC_APB1ENR_USART3EN
 128:Drivers/STM32L1xx_HAL_Driver/Inc/stm32l1xx_ll_bus.h **** #if defined(UART4)
 129:Drivers/STM32L1xx_HAL_Driver/Inc/stm32l1xx_ll_bus.h **** #define LL_APB1_GRP1_PERIPH_UART4          RCC_APB1ENR_UART4EN
 130:Drivers/STM32L1xx_HAL_Driver/Inc/stm32l1xx_ll_bus.h **** #endif /*UART4*/
 131:Drivers/STM32L1xx_HAL_Driver/Inc/stm32l1xx_ll_bus.h **** #if defined(UART5)
 132:Drivers/STM32L1xx_HAL_Driver/Inc/stm32l1xx_ll_bus.h **** #define LL_APB1_GRP1_PERIPH_UART5          RCC_APB1ENR_UART5EN
 133:Drivers/STM32L1xx_HAL_Driver/Inc/stm32l1xx_ll_bus.h **** #endif /*UART5*/
 134:Drivers/STM32L1xx_HAL_Driver/Inc/stm32l1xx_ll_bus.h **** #define LL_APB1_GRP1_PERIPH_I2C1           RCC_APB1ENR_I2C1EN
ARM GAS  C:\Users\domen\AppData\Local\Temp\ccHqe2wy.s 			page 5


 135:Drivers/STM32L1xx_HAL_Driver/Inc/stm32l1xx_ll_bus.h **** #define LL_APB1_GRP1_PERIPH_I2C2           RCC_APB1ENR_I2C2EN
 136:Drivers/STM32L1xx_HAL_Driver/Inc/stm32l1xx_ll_bus.h **** #define LL_APB1_GRP1_PERIPH_USB            RCC_APB1ENR_USBEN
 137:Drivers/STM32L1xx_HAL_Driver/Inc/stm32l1xx_ll_bus.h **** #define LL_APB1_GRP1_PERIPH_PWR            RCC_APB1ENR_PWREN
 138:Drivers/STM32L1xx_HAL_Driver/Inc/stm32l1xx_ll_bus.h **** #define LL_APB1_GRP1_PERIPH_DAC1           RCC_APB1ENR_DACEN
 139:Drivers/STM32L1xx_HAL_Driver/Inc/stm32l1xx_ll_bus.h **** #define LL_APB1_GRP1_PERIPH_COMP           RCC_APB1ENR_COMPEN
 140:Drivers/STM32L1xx_HAL_Driver/Inc/stm32l1xx_ll_bus.h **** #if defined(OPAMP)
 141:Drivers/STM32L1xx_HAL_Driver/Inc/stm32l1xx_ll_bus.h **** /* Note: Peripherals COMP and OPAMP share the same clock domain */
 142:Drivers/STM32L1xx_HAL_Driver/Inc/stm32l1xx_ll_bus.h **** #define LL_APB1_GRP1_PERIPH_OPAMP          LL_APB1_GRP1_PERIPH_COMP
 143:Drivers/STM32L1xx_HAL_Driver/Inc/stm32l1xx_ll_bus.h **** #endif
 144:Drivers/STM32L1xx_HAL_Driver/Inc/stm32l1xx_ll_bus.h **** /**
 145:Drivers/STM32L1xx_HAL_Driver/Inc/stm32l1xx_ll_bus.h ****   * @}
 146:Drivers/STM32L1xx_HAL_Driver/Inc/stm32l1xx_ll_bus.h ****   */
 147:Drivers/STM32L1xx_HAL_Driver/Inc/stm32l1xx_ll_bus.h **** 
 148:Drivers/STM32L1xx_HAL_Driver/Inc/stm32l1xx_ll_bus.h **** /** @defgroup BUS_LL_EC_APB2_GRP1_PERIPH  APB2 GRP1 PERIPH
 149:Drivers/STM32L1xx_HAL_Driver/Inc/stm32l1xx_ll_bus.h ****   * @{
 150:Drivers/STM32L1xx_HAL_Driver/Inc/stm32l1xx_ll_bus.h ****   */
 151:Drivers/STM32L1xx_HAL_Driver/Inc/stm32l1xx_ll_bus.h **** #define LL_APB2_GRP1_PERIPH_ALL            0xFFFFFFFFU
 152:Drivers/STM32L1xx_HAL_Driver/Inc/stm32l1xx_ll_bus.h **** #define LL_APB2_GRP1_PERIPH_SYSCFG         RCC_APB2ENR_SYSCFGEN
 153:Drivers/STM32L1xx_HAL_Driver/Inc/stm32l1xx_ll_bus.h **** #define LL_APB2_GRP1_PERIPH_TIM9           RCC_APB2ENR_TIM9EN
 154:Drivers/STM32L1xx_HAL_Driver/Inc/stm32l1xx_ll_bus.h **** #define LL_APB2_GRP1_PERIPH_TIM10          RCC_APB2ENR_TIM10EN
 155:Drivers/STM32L1xx_HAL_Driver/Inc/stm32l1xx_ll_bus.h **** #define LL_APB2_GRP1_PERIPH_TIM11          RCC_APB2ENR_TIM11EN
 156:Drivers/STM32L1xx_HAL_Driver/Inc/stm32l1xx_ll_bus.h **** #define LL_APB2_GRP1_PERIPH_ADC1           RCC_APB2ENR_ADC1EN
 157:Drivers/STM32L1xx_HAL_Driver/Inc/stm32l1xx_ll_bus.h **** #if defined(SDIO)
 158:Drivers/STM32L1xx_HAL_Driver/Inc/stm32l1xx_ll_bus.h **** #define LL_APB2_GRP1_PERIPH_SDIO           RCC_APB2ENR_SDIOEN
 159:Drivers/STM32L1xx_HAL_Driver/Inc/stm32l1xx_ll_bus.h **** #endif /*SDIO*/
 160:Drivers/STM32L1xx_HAL_Driver/Inc/stm32l1xx_ll_bus.h **** #define LL_APB2_GRP1_PERIPH_SPI1           RCC_APB2ENR_SPI1EN
 161:Drivers/STM32L1xx_HAL_Driver/Inc/stm32l1xx_ll_bus.h **** #define LL_APB2_GRP1_PERIPH_USART1         RCC_APB2ENR_USART1EN
 162:Drivers/STM32L1xx_HAL_Driver/Inc/stm32l1xx_ll_bus.h **** /**
 163:Drivers/STM32L1xx_HAL_Driver/Inc/stm32l1xx_ll_bus.h ****   * @}
 164:Drivers/STM32L1xx_HAL_Driver/Inc/stm32l1xx_ll_bus.h ****   */
 165:Drivers/STM32L1xx_HAL_Driver/Inc/stm32l1xx_ll_bus.h **** 
 166:Drivers/STM32L1xx_HAL_Driver/Inc/stm32l1xx_ll_bus.h **** /**
 167:Drivers/STM32L1xx_HAL_Driver/Inc/stm32l1xx_ll_bus.h ****   * @}
 168:Drivers/STM32L1xx_HAL_Driver/Inc/stm32l1xx_ll_bus.h ****   */
 169:Drivers/STM32L1xx_HAL_Driver/Inc/stm32l1xx_ll_bus.h **** 
 170:Drivers/STM32L1xx_HAL_Driver/Inc/stm32l1xx_ll_bus.h **** /* Exported macro ------------------------------------------------------------*/
 171:Drivers/STM32L1xx_HAL_Driver/Inc/stm32l1xx_ll_bus.h **** 
 172:Drivers/STM32L1xx_HAL_Driver/Inc/stm32l1xx_ll_bus.h **** /* Exported functions --------------------------------------------------------*/
 173:Drivers/STM32L1xx_HAL_Driver/Inc/stm32l1xx_ll_bus.h **** /** @defgroup BUS_LL_Exported_Functions BUS Exported Functions
 174:Drivers/STM32L1xx_HAL_Driver/Inc/stm32l1xx_ll_bus.h ****   * @{
 175:Drivers/STM32L1xx_HAL_Driver/Inc/stm32l1xx_ll_bus.h ****   */
 176:Drivers/STM32L1xx_HAL_Driver/Inc/stm32l1xx_ll_bus.h **** 
 177:Drivers/STM32L1xx_HAL_Driver/Inc/stm32l1xx_ll_bus.h **** /** @defgroup BUS_LL_EF_AHB1 AHB1
 178:Drivers/STM32L1xx_HAL_Driver/Inc/stm32l1xx_ll_bus.h ****   * @{
 179:Drivers/STM32L1xx_HAL_Driver/Inc/stm32l1xx_ll_bus.h ****   */
 180:Drivers/STM32L1xx_HAL_Driver/Inc/stm32l1xx_ll_bus.h **** 
 181:Drivers/STM32L1xx_HAL_Driver/Inc/stm32l1xx_ll_bus.h **** /**
 182:Drivers/STM32L1xx_HAL_Driver/Inc/stm32l1xx_ll_bus.h ****   * @brief  Enable AHB1 peripherals clock.
 183:Drivers/STM32L1xx_HAL_Driver/Inc/stm32l1xx_ll_bus.h ****   * @rmtoll AHBENR       GPIOAEN       LL_AHB1_GRP1_EnableClock\n
 184:Drivers/STM32L1xx_HAL_Driver/Inc/stm32l1xx_ll_bus.h ****   *         AHBENR       GPIOBEN       LL_AHB1_GRP1_EnableClock\n
 185:Drivers/STM32L1xx_HAL_Driver/Inc/stm32l1xx_ll_bus.h ****   *         AHBENR       GPIOCEN       LL_AHB1_GRP1_EnableClock\n
 186:Drivers/STM32L1xx_HAL_Driver/Inc/stm32l1xx_ll_bus.h ****   *         AHBENR       GPIODEN       LL_AHB1_GRP1_EnableClock\n
 187:Drivers/STM32L1xx_HAL_Driver/Inc/stm32l1xx_ll_bus.h ****   *         AHBENR       GPIOEEN       LL_AHB1_GRP1_EnableClock\n
 188:Drivers/STM32L1xx_HAL_Driver/Inc/stm32l1xx_ll_bus.h ****   *         AHBENR       GPIOHEN       LL_AHB1_GRP1_EnableClock\n
 189:Drivers/STM32L1xx_HAL_Driver/Inc/stm32l1xx_ll_bus.h ****   *         AHBENR       GPIOFEN       LL_AHB1_GRP1_EnableClock\n
 190:Drivers/STM32L1xx_HAL_Driver/Inc/stm32l1xx_ll_bus.h ****   *         AHBENR       GPIOGEN       LL_AHB1_GRP1_EnableClock\n
 191:Drivers/STM32L1xx_HAL_Driver/Inc/stm32l1xx_ll_bus.h ****   *         AHBENR       CRCEN         LL_AHB1_GRP1_EnableClock\n
ARM GAS  C:\Users\domen\AppData\Local\Temp\ccHqe2wy.s 			page 6


 192:Drivers/STM32L1xx_HAL_Driver/Inc/stm32l1xx_ll_bus.h ****   *         AHBENR       FLITFEN       LL_AHB1_GRP1_EnableClock\n
 193:Drivers/STM32L1xx_HAL_Driver/Inc/stm32l1xx_ll_bus.h ****   *         AHBENR       DMA1EN        LL_AHB1_GRP1_EnableClock\n
 194:Drivers/STM32L1xx_HAL_Driver/Inc/stm32l1xx_ll_bus.h ****   *         AHBENR       DMA2EN        LL_AHB1_GRP1_EnableClock\n
 195:Drivers/STM32L1xx_HAL_Driver/Inc/stm32l1xx_ll_bus.h ****   *         AHBENR       AESEN         LL_AHB1_GRP1_EnableClock\n
 196:Drivers/STM32L1xx_HAL_Driver/Inc/stm32l1xx_ll_bus.h ****   *         AHBENR       FSMCEN        LL_AHB1_GRP1_EnableClock
 197:Drivers/STM32L1xx_HAL_Driver/Inc/stm32l1xx_ll_bus.h ****   * @param  Periphs This parameter can be a combination of the following values:
 198:Drivers/STM32L1xx_HAL_Driver/Inc/stm32l1xx_ll_bus.h ****   *         @arg @ref LL_AHB1_GRP1_PERIPH_GPIOA
 199:Drivers/STM32L1xx_HAL_Driver/Inc/stm32l1xx_ll_bus.h ****   *         @arg @ref LL_AHB1_GRP1_PERIPH_GPIOB
 200:Drivers/STM32L1xx_HAL_Driver/Inc/stm32l1xx_ll_bus.h ****   *         @arg @ref LL_AHB1_GRP1_PERIPH_GPIOC
 201:Drivers/STM32L1xx_HAL_Driver/Inc/stm32l1xx_ll_bus.h ****   *         @arg @ref LL_AHB1_GRP1_PERIPH_GPIOD
 202:Drivers/STM32L1xx_HAL_Driver/Inc/stm32l1xx_ll_bus.h ****   *         @arg @ref LL_AHB1_GRP1_PERIPH_GPIOE (*)
 203:Drivers/STM32L1xx_HAL_Driver/Inc/stm32l1xx_ll_bus.h ****   *         @arg @ref LL_AHB1_GRP1_PERIPH_GPIOH
 204:Drivers/STM32L1xx_HAL_Driver/Inc/stm32l1xx_ll_bus.h ****   *         @arg @ref LL_AHB1_GRP1_PERIPH_GPIOF (*)
 205:Drivers/STM32L1xx_HAL_Driver/Inc/stm32l1xx_ll_bus.h ****   *         @arg @ref LL_AHB1_GRP1_PERIPH_GPIOG (*)
 206:Drivers/STM32L1xx_HAL_Driver/Inc/stm32l1xx_ll_bus.h ****   *         @arg @ref LL_AHB1_GRP1_PERIPH_CRC
 207:Drivers/STM32L1xx_HAL_Driver/Inc/stm32l1xx_ll_bus.h ****   *         @arg @ref LL_AHB1_GRP1_PERIPH_FLASH
 208:Drivers/STM32L1xx_HAL_Driver/Inc/stm32l1xx_ll_bus.h ****   *         @arg @ref LL_AHB1_GRP1_PERIPH_DMA1
 209:Drivers/STM32L1xx_HAL_Driver/Inc/stm32l1xx_ll_bus.h ****   *         @arg @ref LL_AHB1_GRP1_PERIPH_DMA2 (*)
 210:Drivers/STM32L1xx_HAL_Driver/Inc/stm32l1xx_ll_bus.h ****   *         @arg @ref LL_AHB1_GRP1_PERIPH_CRYP (*)
 211:Drivers/STM32L1xx_HAL_Driver/Inc/stm32l1xx_ll_bus.h ****   *         @arg @ref LL_AHB1_GRP1_PERIPH_FSMC (*)
 212:Drivers/STM32L1xx_HAL_Driver/Inc/stm32l1xx_ll_bus.h ****   *
 213:Drivers/STM32L1xx_HAL_Driver/Inc/stm32l1xx_ll_bus.h ****   *         (*) value not defined in all devices.
 214:Drivers/STM32L1xx_HAL_Driver/Inc/stm32l1xx_ll_bus.h ****   * @retval None
 215:Drivers/STM32L1xx_HAL_Driver/Inc/stm32l1xx_ll_bus.h **** */
 216:Drivers/STM32L1xx_HAL_Driver/Inc/stm32l1xx_ll_bus.h **** __STATIC_INLINE void LL_AHB1_GRP1_EnableClock(uint32_t Periphs)
 217:Drivers/STM32L1xx_HAL_Driver/Inc/stm32l1xx_ll_bus.h **** {
 218:Drivers/STM32L1xx_HAL_Driver/Inc/stm32l1xx_ll_bus.h ****   __IO uint32_t tmpreg;
 219:Drivers/STM32L1xx_HAL_Driver/Inc/stm32l1xx_ll_bus.h ****   SET_BIT(RCC->AHBENR, Periphs);
 220:Drivers/STM32L1xx_HAL_Driver/Inc/stm32l1xx_ll_bus.h ****   /* Delay after an RCC peripheral clock enabling */
 221:Drivers/STM32L1xx_HAL_Driver/Inc/stm32l1xx_ll_bus.h ****   tmpreg = READ_BIT(RCC->AHBENR, Periphs);
 222:Drivers/STM32L1xx_HAL_Driver/Inc/stm32l1xx_ll_bus.h ****   (void)tmpreg;
 223:Drivers/STM32L1xx_HAL_Driver/Inc/stm32l1xx_ll_bus.h **** }
 224:Drivers/STM32L1xx_HAL_Driver/Inc/stm32l1xx_ll_bus.h **** 
 225:Drivers/STM32L1xx_HAL_Driver/Inc/stm32l1xx_ll_bus.h **** /**
 226:Drivers/STM32L1xx_HAL_Driver/Inc/stm32l1xx_ll_bus.h ****   * @brief  Check if AHB1 peripheral clock is enabled or not
 227:Drivers/STM32L1xx_HAL_Driver/Inc/stm32l1xx_ll_bus.h ****   * @rmtoll AHBENR       GPIOAEN       LL_AHB1_GRP1_IsEnabledClock\n
 228:Drivers/STM32L1xx_HAL_Driver/Inc/stm32l1xx_ll_bus.h ****   *         AHBENR       GPIOBEN       LL_AHB1_GRP1_IsEnabledClock\n
 229:Drivers/STM32L1xx_HAL_Driver/Inc/stm32l1xx_ll_bus.h ****   *         AHBENR       GPIOCEN       LL_AHB1_GRP1_IsEnabledClock\n
 230:Drivers/STM32L1xx_HAL_Driver/Inc/stm32l1xx_ll_bus.h ****   *         AHBENR       GPIODEN       LL_AHB1_GRP1_IsEnabledClock\n
 231:Drivers/STM32L1xx_HAL_Driver/Inc/stm32l1xx_ll_bus.h ****   *         AHBENR       GPIOEEN       LL_AHB1_GRP1_IsEnabledClock\n
 232:Drivers/STM32L1xx_HAL_Driver/Inc/stm32l1xx_ll_bus.h ****   *         AHBENR       GPIOHEN       LL_AHB1_GRP1_IsEnabledClock\n
 233:Drivers/STM32L1xx_HAL_Driver/Inc/stm32l1xx_ll_bus.h ****   *         AHBENR       GPIOFEN       LL_AHB1_GRP1_IsEnabledClock\n
 234:Drivers/STM32L1xx_HAL_Driver/Inc/stm32l1xx_ll_bus.h ****   *         AHBENR       GPIOGEN       LL_AHB1_GRP1_IsEnabledClock\n
 235:Drivers/STM32L1xx_HAL_Driver/Inc/stm32l1xx_ll_bus.h ****   *         AHBENR       CRCEN         LL_AHB1_GRP1_IsEnabledClock\n
 236:Drivers/STM32L1xx_HAL_Driver/Inc/stm32l1xx_ll_bus.h ****   *         AHBENR       FLITFEN       LL_AHB1_GRP1_IsEnabledClock\n
 237:Drivers/STM32L1xx_HAL_Driver/Inc/stm32l1xx_ll_bus.h ****   *         AHBENR       DMA1EN        LL_AHB1_GRP1_IsEnabledClock\n
 238:Drivers/STM32L1xx_HAL_Driver/Inc/stm32l1xx_ll_bus.h ****   *         AHBENR       DMA2EN        LL_AHB1_GRP1_IsEnabledClock\n
 239:Drivers/STM32L1xx_HAL_Driver/Inc/stm32l1xx_ll_bus.h ****   *         AHBENR       AESEN         LL_AHB1_GRP1_IsEnabledClock\n
 240:Drivers/STM32L1xx_HAL_Driver/Inc/stm32l1xx_ll_bus.h ****   *         AHBENR       FSMCEN        LL_AHB1_GRP1_IsEnabledClock
 241:Drivers/STM32L1xx_HAL_Driver/Inc/stm32l1xx_ll_bus.h ****   * @param  Periphs This parameter can be a combination of the following values:
 242:Drivers/STM32L1xx_HAL_Driver/Inc/stm32l1xx_ll_bus.h ****   *         @arg @ref LL_AHB1_GRP1_PERIPH_GPIOA
 243:Drivers/STM32L1xx_HAL_Driver/Inc/stm32l1xx_ll_bus.h ****   *         @arg @ref LL_AHB1_GRP1_PERIPH_GPIOB
 244:Drivers/STM32L1xx_HAL_Driver/Inc/stm32l1xx_ll_bus.h ****   *         @arg @ref LL_AHB1_GRP1_PERIPH_GPIOC
 245:Drivers/STM32L1xx_HAL_Driver/Inc/stm32l1xx_ll_bus.h ****   *         @arg @ref LL_AHB1_GRP1_PERIPH_GPIOD
 246:Drivers/STM32L1xx_HAL_Driver/Inc/stm32l1xx_ll_bus.h ****   *         @arg @ref LL_AHB1_GRP1_PERIPH_GPIOE (*)
 247:Drivers/STM32L1xx_HAL_Driver/Inc/stm32l1xx_ll_bus.h ****   *         @arg @ref LL_AHB1_GRP1_PERIPH_GPIOH
 248:Drivers/STM32L1xx_HAL_Driver/Inc/stm32l1xx_ll_bus.h ****   *         @arg @ref LL_AHB1_GRP1_PERIPH_GPIOF (*)
ARM GAS  C:\Users\domen\AppData\Local\Temp\ccHqe2wy.s 			page 7


 249:Drivers/STM32L1xx_HAL_Driver/Inc/stm32l1xx_ll_bus.h ****   *         @arg @ref LL_AHB1_GRP1_PERIPH_GPIOG (*)
 250:Drivers/STM32L1xx_HAL_Driver/Inc/stm32l1xx_ll_bus.h ****   *         @arg @ref LL_AHB1_GRP1_PERIPH_CRC
 251:Drivers/STM32L1xx_HAL_Driver/Inc/stm32l1xx_ll_bus.h ****   *         @arg @ref LL_AHB1_GRP1_PERIPH_FLASH
 252:Drivers/STM32L1xx_HAL_Driver/Inc/stm32l1xx_ll_bus.h ****   *         @arg @ref LL_AHB1_GRP1_PERIPH_DMA1
 253:Drivers/STM32L1xx_HAL_Driver/Inc/stm32l1xx_ll_bus.h ****   *         @arg @ref LL_AHB1_GRP1_PERIPH_DMA2 (*)
 254:Drivers/STM32L1xx_HAL_Driver/Inc/stm32l1xx_ll_bus.h ****   *         @arg @ref LL_AHB1_GRP1_PERIPH_CRYP (*)
 255:Drivers/STM32L1xx_HAL_Driver/Inc/stm32l1xx_ll_bus.h ****   *         @arg @ref LL_AHB1_GRP1_PERIPH_FSMC (*)
 256:Drivers/STM32L1xx_HAL_Driver/Inc/stm32l1xx_ll_bus.h ****   *
 257:Drivers/STM32L1xx_HAL_Driver/Inc/stm32l1xx_ll_bus.h ****   *         (*) value not defined in all devices.
 258:Drivers/STM32L1xx_HAL_Driver/Inc/stm32l1xx_ll_bus.h ****   * @retval State of Periphs (1 or 0).
 259:Drivers/STM32L1xx_HAL_Driver/Inc/stm32l1xx_ll_bus.h **** */
 260:Drivers/STM32L1xx_HAL_Driver/Inc/stm32l1xx_ll_bus.h **** __STATIC_INLINE uint32_t LL_AHB1_GRP1_IsEnabledClock(uint32_t Periphs)
 261:Drivers/STM32L1xx_HAL_Driver/Inc/stm32l1xx_ll_bus.h **** {
 262:Drivers/STM32L1xx_HAL_Driver/Inc/stm32l1xx_ll_bus.h ****   return ((READ_BIT(RCC->AHBENR, Periphs) == (Periphs)) ? 1UL : 0UL);
 263:Drivers/STM32L1xx_HAL_Driver/Inc/stm32l1xx_ll_bus.h **** }
 264:Drivers/STM32L1xx_HAL_Driver/Inc/stm32l1xx_ll_bus.h **** 
 265:Drivers/STM32L1xx_HAL_Driver/Inc/stm32l1xx_ll_bus.h **** /**
 266:Drivers/STM32L1xx_HAL_Driver/Inc/stm32l1xx_ll_bus.h ****   * @brief  Disable AHB1 peripherals clock.
 267:Drivers/STM32L1xx_HAL_Driver/Inc/stm32l1xx_ll_bus.h ****   * @rmtoll AHBENR       GPIOAEN       LL_AHB1_GRP1_DisableClock\n
 268:Drivers/STM32L1xx_HAL_Driver/Inc/stm32l1xx_ll_bus.h ****   *         AHBENR       GPIOBEN       LL_AHB1_GRP1_DisableClock\n
 269:Drivers/STM32L1xx_HAL_Driver/Inc/stm32l1xx_ll_bus.h ****   *         AHBENR       GPIOCEN       LL_AHB1_GRP1_DisableClock\n
 270:Drivers/STM32L1xx_HAL_Driver/Inc/stm32l1xx_ll_bus.h ****   *         AHBENR       GPIODEN       LL_AHB1_GRP1_DisableClock\n
 271:Drivers/STM32L1xx_HAL_Driver/Inc/stm32l1xx_ll_bus.h ****   *         AHBENR       GPIOEEN       LL_AHB1_GRP1_DisableClock\n
 272:Drivers/STM32L1xx_HAL_Driver/Inc/stm32l1xx_ll_bus.h ****   *         AHBENR       GPIOHEN       LL_AHB1_GRP1_DisableClock\n
 273:Drivers/STM32L1xx_HAL_Driver/Inc/stm32l1xx_ll_bus.h ****   *         AHBENR       GPIOFEN       LL_AHB1_GRP1_DisableClock\n
 274:Drivers/STM32L1xx_HAL_Driver/Inc/stm32l1xx_ll_bus.h ****   *         AHBENR       GPIOGEN       LL_AHB1_GRP1_DisableClock\n
 275:Drivers/STM32L1xx_HAL_Driver/Inc/stm32l1xx_ll_bus.h ****   *         AHBENR       CRCEN         LL_AHB1_GRP1_DisableClock\n
 276:Drivers/STM32L1xx_HAL_Driver/Inc/stm32l1xx_ll_bus.h ****   *         AHBENR       FLITFEN       LL_AHB1_GRP1_DisableClock\n
 277:Drivers/STM32L1xx_HAL_Driver/Inc/stm32l1xx_ll_bus.h ****   *         AHBENR       DMA1EN        LL_AHB1_GRP1_DisableClock\n
 278:Drivers/STM32L1xx_HAL_Driver/Inc/stm32l1xx_ll_bus.h ****   *         AHBENR       DMA2EN        LL_AHB1_GRP1_DisableClock\n
 279:Drivers/STM32L1xx_HAL_Driver/Inc/stm32l1xx_ll_bus.h ****   *         AHBENR       AESEN         LL_AHB1_GRP1_DisableClock\n
 280:Drivers/STM32L1xx_HAL_Driver/Inc/stm32l1xx_ll_bus.h ****   *         AHBENR       FSMCEN        LL_AHB1_GRP1_DisableClock
 281:Drivers/STM32L1xx_HAL_Driver/Inc/stm32l1xx_ll_bus.h ****   * @param  Periphs This parameter can be a combination of the following values:
 282:Drivers/STM32L1xx_HAL_Driver/Inc/stm32l1xx_ll_bus.h ****   *         @arg @ref LL_AHB1_GRP1_PERIPH_GPIOA
 283:Drivers/STM32L1xx_HAL_Driver/Inc/stm32l1xx_ll_bus.h ****   *         @arg @ref LL_AHB1_GRP1_PERIPH_GPIOB
 284:Drivers/STM32L1xx_HAL_Driver/Inc/stm32l1xx_ll_bus.h ****   *         @arg @ref LL_AHB1_GRP1_PERIPH_GPIOC
 285:Drivers/STM32L1xx_HAL_Driver/Inc/stm32l1xx_ll_bus.h ****   *         @arg @ref LL_AHB1_GRP1_PERIPH_GPIOD
 286:Drivers/STM32L1xx_HAL_Driver/Inc/stm32l1xx_ll_bus.h ****   *         @arg @ref LL_AHB1_GRP1_PERIPH_GPIOE (*)
 287:Drivers/STM32L1xx_HAL_Driver/Inc/stm32l1xx_ll_bus.h ****   *         @arg @ref LL_AHB1_GRP1_PERIPH_GPIOH
 288:Drivers/STM32L1xx_HAL_Driver/Inc/stm32l1xx_ll_bus.h ****   *         @arg @ref LL_AHB1_GRP1_PERIPH_GPIOF (*)
 289:Drivers/STM32L1xx_HAL_Driver/Inc/stm32l1xx_ll_bus.h ****   *         @arg @ref LL_AHB1_GRP1_PERIPH_GPIOG (*)
 290:Drivers/STM32L1xx_HAL_Driver/Inc/stm32l1xx_ll_bus.h ****   *         @arg @ref LL_AHB1_GRP1_PERIPH_CRC
 291:Drivers/STM32L1xx_HAL_Driver/Inc/stm32l1xx_ll_bus.h ****   *         @arg @ref LL_AHB1_GRP1_PERIPH_FLASH
 292:Drivers/STM32L1xx_HAL_Driver/Inc/stm32l1xx_ll_bus.h ****   *         @arg @ref LL_AHB1_GRP1_PERIPH_DMA1
 293:Drivers/STM32L1xx_HAL_Driver/Inc/stm32l1xx_ll_bus.h ****   *         @arg @ref LL_AHB1_GRP1_PERIPH_DMA2 (*)
 294:Drivers/STM32L1xx_HAL_Driver/Inc/stm32l1xx_ll_bus.h ****   *         @arg @ref LL_AHB1_GRP1_PERIPH_CRYP (*)
 295:Drivers/STM32L1xx_HAL_Driver/Inc/stm32l1xx_ll_bus.h ****   *         @arg @ref LL_AHB1_GRP1_PERIPH_FSMC (*)
 296:Drivers/STM32L1xx_HAL_Driver/Inc/stm32l1xx_ll_bus.h ****   *
 297:Drivers/STM32L1xx_HAL_Driver/Inc/stm32l1xx_ll_bus.h ****   *         (*) value not defined in all devices.
 298:Drivers/STM32L1xx_HAL_Driver/Inc/stm32l1xx_ll_bus.h ****   * @retval None
 299:Drivers/STM32L1xx_HAL_Driver/Inc/stm32l1xx_ll_bus.h **** */
 300:Drivers/STM32L1xx_HAL_Driver/Inc/stm32l1xx_ll_bus.h **** __STATIC_INLINE void LL_AHB1_GRP1_DisableClock(uint32_t Periphs)
 301:Drivers/STM32L1xx_HAL_Driver/Inc/stm32l1xx_ll_bus.h **** {
 302:Drivers/STM32L1xx_HAL_Driver/Inc/stm32l1xx_ll_bus.h ****   CLEAR_BIT(RCC->AHBENR, Periphs);
 303:Drivers/STM32L1xx_HAL_Driver/Inc/stm32l1xx_ll_bus.h **** }
 304:Drivers/STM32L1xx_HAL_Driver/Inc/stm32l1xx_ll_bus.h **** 
 305:Drivers/STM32L1xx_HAL_Driver/Inc/stm32l1xx_ll_bus.h **** /**
ARM GAS  C:\Users\domen\AppData\Local\Temp\ccHqe2wy.s 			page 8


 306:Drivers/STM32L1xx_HAL_Driver/Inc/stm32l1xx_ll_bus.h ****   * @brief  Force AHB1 peripherals reset.
 307:Drivers/STM32L1xx_HAL_Driver/Inc/stm32l1xx_ll_bus.h ****   * @rmtoll AHBRSTR      GPIOARST      LL_AHB1_GRP1_ForceReset\n
 308:Drivers/STM32L1xx_HAL_Driver/Inc/stm32l1xx_ll_bus.h ****   *         AHBRSTR      GPIOBRST      LL_AHB1_GRP1_ForceReset\n
 309:Drivers/STM32L1xx_HAL_Driver/Inc/stm32l1xx_ll_bus.h ****   *         AHBRSTR      GPIOCRST      LL_AHB1_GRP1_ForceReset\n
 310:Drivers/STM32L1xx_HAL_Driver/Inc/stm32l1xx_ll_bus.h ****   *         AHBRSTR      GPIODRST      LL_AHB1_GRP1_ForceReset\n
 311:Drivers/STM32L1xx_HAL_Driver/Inc/stm32l1xx_ll_bus.h ****   *         AHBRSTR      GPIOERST      LL_AHB1_GRP1_ForceReset\n
 312:Drivers/STM32L1xx_HAL_Driver/Inc/stm32l1xx_ll_bus.h ****   *         AHBRSTR      GPIOHRST      LL_AHB1_GRP1_ForceReset\n
 313:Drivers/STM32L1xx_HAL_Driver/Inc/stm32l1xx_ll_bus.h ****   *         AHBRSTR      GPIOFRST      LL_AHB1_GRP1_ForceReset\n
 314:Drivers/STM32L1xx_HAL_Driver/Inc/stm32l1xx_ll_bus.h ****   *         AHBRSTR      GPIOGRST      LL_AHB1_GRP1_ForceReset\n
 315:Drivers/STM32L1xx_HAL_Driver/Inc/stm32l1xx_ll_bus.h ****   *         AHBRSTR      CRCRST        LL_AHB1_GRP1_ForceReset\n
 316:Drivers/STM32L1xx_HAL_Driver/Inc/stm32l1xx_ll_bus.h ****   *         AHBRSTR      FLITFRST      LL_AHB1_GRP1_ForceReset\n
 317:Drivers/STM32L1xx_HAL_Driver/Inc/stm32l1xx_ll_bus.h ****   *         AHBRSTR      DMA1RST       LL_AHB1_GRP1_ForceReset\n
 318:Drivers/STM32L1xx_HAL_Driver/Inc/stm32l1xx_ll_bus.h ****   *         AHBRSTR      DMA2RST       LL_AHB1_GRP1_ForceReset\n
 319:Drivers/STM32L1xx_HAL_Driver/Inc/stm32l1xx_ll_bus.h ****   *         AHBRSTR      AESRST        LL_AHB1_GRP1_ForceReset\n
 320:Drivers/STM32L1xx_HAL_Driver/Inc/stm32l1xx_ll_bus.h ****   *         AHBRSTR      FSMCRST       LL_AHB1_GRP1_ForceReset
 321:Drivers/STM32L1xx_HAL_Driver/Inc/stm32l1xx_ll_bus.h ****   * @param  Periphs This parameter can be a combination of the following values:
 322:Drivers/STM32L1xx_HAL_Driver/Inc/stm32l1xx_ll_bus.h ****   *         @arg @ref LL_AHB1_GRP1_PERIPH_ALL
 323:Drivers/STM32L1xx_HAL_Driver/Inc/stm32l1xx_ll_bus.h ****   *         @arg @ref LL_AHB1_GRP1_PERIPH_GPIOA
 324:Drivers/STM32L1xx_HAL_Driver/Inc/stm32l1xx_ll_bus.h ****   *         @arg @ref LL_AHB1_GRP1_PERIPH_GPIOB
 325:Drivers/STM32L1xx_HAL_Driver/Inc/stm32l1xx_ll_bus.h ****   *         @arg @ref LL_AHB1_GRP1_PERIPH_GPIOC
 326:Drivers/STM32L1xx_HAL_Driver/Inc/stm32l1xx_ll_bus.h ****   *         @arg @ref LL_AHB1_GRP1_PERIPH_GPIOD
 327:Drivers/STM32L1xx_HAL_Driver/Inc/stm32l1xx_ll_bus.h ****   *         @arg @ref LL_AHB1_GRP1_PERIPH_GPIOE (*)
 328:Drivers/STM32L1xx_HAL_Driver/Inc/stm32l1xx_ll_bus.h ****   *         @arg @ref LL_AHB1_GRP1_PERIPH_GPIOH
 329:Drivers/STM32L1xx_HAL_Driver/Inc/stm32l1xx_ll_bus.h ****   *         @arg @ref LL_AHB1_GRP1_PERIPH_GPIOF (*)
 330:Drivers/STM32L1xx_HAL_Driver/Inc/stm32l1xx_ll_bus.h ****   *         @arg @ref LL_AHB1_GRP1_PERIPH_GPIOG (*)
 331:Drivers/STM32L1xx_HAL_Driver/Inc/stm32l1xx_ll_bus.h ****   *         @arg @ref LL_AHB1_GRP1_PERIPH_CRC
 332:Drivers/STM32L1xx_HAL_Driver/Inc/stm32l1xx_ll_bus.h ****   *         @arg @ref LL_AHB1_GRP1_PERIPH_FLASH
 333:Drivers/STM32L1xx_HAL_Driver/Inc/stm32l1xx_ll_bus.h ****   *         @arg @ref LL_AHB1_GRP1_PERIPH_DMA1
 334:Drivers/STM32L1xx_HAL_Driver/Inc/stm32l1xx_ll_bus.h ****   *         @arg @ref LL_AHB1_GRP1_PERIPH_DMA2 (*)
 335:Drivers/STM32L1xx_HAL_Driver/Inc/stm32l1xx_ll_bus.h ****   *         @arg @ref LL_AHB1_GRP1_PERIPH_CRYP (*)
 336:Drivers/STM32L1xx_HAL_Driver/Inc/stm32l1xx_ll_bus.h ****   *         @arg @ref LL_AHB1_GRP1_PERIPH_FSMC (*)
 337:Drivers/STM32L1xx_HAL_Driver/Inc/stm32l1xx_ll_bus.h ****   *
 338:Drivers/STM32L1xx_HAL_Driver/Inc/stm32l1xx_ll_bus.h ****   *         (*) value not defined in all devices.
 339:Drivers/STM32L1xx_HAL_Driver/Inc/stm32l1xx_ll_bus.h ****   * @retval None
 340:Drivers/STM32L1xx_HAL_Driver/Inc/stm32l1xx_ll_bus.h **** */
 341:Drivers/STM32L1xx_HAL_Driver/Inc/stm32l1xx_ll_bus.h **** __STATIC_INLINE void LL_AHB1_GRP1_ForceReset(uint32_t Periphs)
 342:Drivers/STM32L1xx_HAL_Driver/Inc/stm32l1xx_ll_bus.h **** {
 343:Drivers/STM32L1xx_HAL_Driver/Inc/stm32l1xx_ll_bus.h ****   SET_BIT(RCC->AHBRSTR, Periphs);
 344:Drivers/STM32L1xx_HAL_Driver/Inc/stm32l1xx_ll_bus.h **** }
 345:Drivers/STM32L1xx_HAL_Driver/Inc/stm32l1xx_ll_bus.h **** 
 346:Drivers/STM32L1xx_HAL_Driver/Inc/stm32l1xx_ll_bus.h **** /**
 347:Drivers/STM32L1xx_HAL_Driver/Inc/stm32l1xx_ll_bus.h ****   * @brief  Release AHB1 peripherals reset.
 348:Drivers/STM32L1xx_HAL_Driver/Inc/stm32l1xx_ll_bus.h ****   * @rmtoll AHBRSTR      GPIOARST      LL_AHB1_GRP1_ReleaseReset\n
 349:Drivers/STM32L1xx_HAL_Driver/Inc/stm32l1xx_ll_bus.h ****   *         AHBRSTR      GPIOBRST      LL_AHB1_GRP1_ReleaseReset\n
 350:Drivers/STM32L1xx_HAL_Driver/Inc/stm32l1xx_ll_bus.h ****   *         AHBRSTR      GPIOCRST      LL_AHB1_GRP1_ReleaseReset\n
 351:Drivers/STM32L1xx_HAL_Driver/Inc/stm32l1xx_ll_bus.h ****   *         AHBRSTR      GPIODRST      LL_AHB1_GRP1_ReleaseReset\n
 352:Drivers/STM32L1xx_HAL_Driver/Inc/stm32l1xx_ll_bus.h ****   *         AHBRSTR      GPIOERST      LL_AHB1_GRP1_ReleaseReset\n
 353:Drivers/STM32L1xx_HAL_Driver/Inc/stm32l1xx_ll_bus.h ****   *         AHBRSTR      GPIOHRST      LL_AHB1_GRP1_ReleaseReset\n
 354:Drivers/STM32L1xx_HAL_Driver/Inc/stm32l1xx_ll_bus.h ****   *         AHBRSTR      GPIOFRST      LL_AHB1_GRP1_ReleaseReset\n
 355:Drivers/STM32L1xx_HAL_Driver/Inc/stm32l1xx_ll_bus.h ****   *         AHBRSTR      GPIOGRST      LL_AHB1_GRP1_ReleaseReset\n
 356:Drivers/STM32L1xx_HAL_Driver/Inc/stm32l1xx_ll_bus.h ****   *         AHBRSTR      CRCRST        LL_AHB1_GRP1_ReleaseReset\n
 357:Drivers/STM32L1xx_HAL_Driver/Inc/stm32l1xx_ll_bus.h ****   *         AHBRSTR      FLITFRST      LL_AHB1_GRP1_ReleaseReset\n
 358:Drivers/STM32L1xx_HAL_Driver/Inc/stm32l1xx_ll_bus.h ****   *         AHBRSTR      DMA1RST       LL_AHB1_GRP1_ReleaseReset\n
 359:Drivers/STM32L1xx_HAL_Driver/Inc/stm32l1xx_ll_bus.h ****   *         AHBRSTR      DMA2RST       LL_AHB1_GRP1_ReleaseReset\n
 360:Drivers/STM32L1xx_HAL_Driver/Inc/stm32l1xx_ll_bus.h ****   *         AHBRSTR      AESRST        LL_AHB1_GRP1_ReleaseReset\n
 361:Drivers/STM32L1xx_HAL_Driver/Inc/stm32l1xx_ll_bus.h ****   *         AHBRSTR      FSMCRST       LL_AHB1_GRP1_ReleaseReset
 362:Drivers/STM32L1xx_HAL_Driver/Inc/stm32l1xx_ll_bus.h ****   * @param  Periphs This parameter can be a combination of the following values:
ARM GAS  C:\Users\domen\AppData\Local\Temp\ccHqe2wy.s 			page 9


 363:Drivers/STM32L1xx_HAL_Driver/Inc/stm32l1xx_ll_bus.h ****   *         @arg @ref LL_AHB1_GRP1_PERIPH_ALL
 364:Drivers/STM32L1xx_HAL_Driver/Inc/stm32l1xx_ll_bus.h ****   *         @arg @ref LL_AHB1_GRP1_PERIPH_GPIOA
 365:Drivers/STM32L1xx_HAL_Driver/Inc/stm32l1xx_ll_bus.h ****   *         @arg @ref LL_AHB1_GRP1_PERIPH_GPIOB
 366:Drivers/STM32L1xx_HAL_Driver/Inc/stm32l1xx_ll_bus.h ****   *         @arg @ref LL_AHB1_GRP1_PERIPH_GPIOC
 367:Drivers/STM32L1xx_HAL_Driver/Inc/stm32l1xx_ll_bus.h ****   *         @arg @ref LL_AHB1_GRP1_PERIPH_GPIOD
 368:Drivers/STM32L1xx_HAL_Driver/Inc/stm32l1xx_ll_bus.h ****   *         @arg @ref LL_AHB1_GRP1_PERIPH_GPIOE (*)
 369:Drivers/STM32L1xx_HAL_Driver/Inc/stm32l1xx_ll_bus.h ****   *         @arg @ref LL_AHB1_GRP1_PERIPH_GPIOH
 370:Drivers/STM32L1xx_HAL_Driver/Inc/stm32l1xx_ll_bus.h ****   *         @arg @ref LL_AHB1_GRP1_PERIPH_GPIOF (*)
 371:Drivers/STM32L1xx_HAL_Driver/Inc/stm32l1xx_ll_bus.h ****   *         @arg @ref LL_AHB1_GRP1_PERIPH_GPIOG (*)
 372:Drivers/STM32L1xx_HAL_Driver/Inc/stm32l1xx_ll_bus.h ****   *         @arg @ref LL_AHB1_GRP1_PERIPH_CRC
 373:Drivers/STM32L1xx_HAL_Driver/Inc/stm32l1xx_ll_bus.h ****   *         @arg @ref LL_AHB1_GRP1_PERIPH_FLASH
 374:Drivers/STM32L1xx_HAL_Driver/Inc/stm32l1xx_ll_bus.h ****   *         @arg @ref LL_AHB1_GRP1_PERIPH_DMA1
 375:Drivers/STM32L1xx_HAL_Driver/Inc/stm32l1xx_ll_bus.h ****   *         @arg @ref LL_AHB1_GRP1_PERIPH_DMA2 (*)
 376:Drivers/STM32L1xx_HAL_Driver/Inc/stm32l1xx_ll_bus.h ****   *         @arg @ref LL_AHB1_GRP1_PERIPH_CRYP (*)
 377:Drivers/STM32L1xx_HAL_Driver/Inc/stm32l1xx_ll_bus.h ****   *         @arg @ref LL_AHB1_GRP1_PERIPH_FSMC (*)
 378:Drivers/STM32L1xx_HAL_Driver/Inc/stm32l1xx_ll_bus.h ****   *
 379:Drivers/STM32L1xx_HAL_Driver/Inc/stm32l1xx_ll_bus.h ****   *         (*) value not defined in all devices.
 380:Drivers/STM32L1xx_HAL_Driver/Inc/stm32l1xx_ll_bus.h ****   * @retval None
 381:Drivers/STM32L1xx_HAL_Driver/Inc/stm32l1xx_ll_bus.h **** */
 382:Drivers/STM32L1xx_HAL_Driver/Inc/stm32l1xx_ll_bus.h **** __STATIC_INLINE void LL_AHB1_GRP1_ReleaseReset(uint32_t Periphs)
 383:Drivers/STM32L1xx_HAL_Driver/Inc/stm32l1xx_ll_bus.h **** {
 384:Drivers/STM32L1xx_HAL_Driver/Inc/stm32l1xx_ll_bus.h ****   CLEAR_BIT(RCC->AHBRSTR, Periphs);
 385:Drivers/STM32L1xx_HAL_Driver/Inc/stm32l1xx_ll_bus.h **** }
 386:Drivers/STM32L1xx_HAL_Driver/Inc/stm32l1xx_ll_bus.h **** 
 387:Drivers/STM32L1xx_HAL_Driver/Inc/stm32l1xx_ll_bus.h **** /**
 388:Drivers/STM32L1xx_HAL_Driver/Inc/stm32l1xx_ll_bus.h ****   * @brief  Enable AHB1 peripherals clock during Low Power (Sleep) mode.
 389:Drivers/STM32L1xx_HAL_Driver/Inc/stm32l1xx_ll_bus.h ****   * @rmtoll AHBLPENR     GPIOALPEN     LL_AHB1_GRP1_EnableClockSleep\n
 390:Drivers/STM32L1xx_HAL_Driver/Inc/stm32l1xx_ll_bus.h ****   *         AHBLPENR     GPIOBLPEN     LL_AHB1_GRP1_EnableClockSleep\n
 391:Drivers/STM32L1xx_HAL_Driver/Inc/stm32l1xx_ll_bus.h ****   *         AHBLPENR     GPIOCLPEN     LL_AHB1_GRP1_EnableClockSleep\n
 392:Drivers/STM32L1xx_HAL_Driver/Inc/stm32l1xx_ll_bus.h ****   *         AHBLPENR     GPIODLPEN     LL_AHB1_GRP1_EnableClockSleep\n
 393:Drivers/STM32L1xx_HAL_Driver/Inc/stm32l1xx_ll_bus.h ****   *         AHBLPENR     GPIOELPEN     LL_AHB1_GRP1_EnableClockSleep\n
 394:Drivers/STM32L1xx_HAL_Driver/Inc/stm32l1xx_ll_bus.h ****   *         AHBLPENR     GPIOHLPEN     LL_AHB1_GRP1_EnableClockSleep\n
 395:Drivers/STM32L1xx_HAL_Driver/Inc/stm32l1xx_ll_bus.h ****   *         AHBLPENR     GPIOFLPEN     LL_AHB1_GRP1_EnableClockSleep\n
 396:Drivers/STM32L1xx_HAL_Driver/Inc/stm32l1xx_ll_bus.h ****   *         AHBLPENR     GPIOGLPEN     LL_AHB1_GRP1_EnableClockSleep\n
 397:Drivers/STM32L1xx_HAL_Driver/Inc/stm32l1xx_ll_bus.h ****   *         AHBLPENR     CRCLPEN       LL_AHB1_GRP1_EnableClockSleep\n
 398:Drivers/STM32L1xx_HAL_Driver/Inc/stm32l1xx_ll_bus.h ****   *         AHBLPENR     FLITFLPEN     LL_AHB1_GRP1_EnableClockSleep\n
 399:Drivers/STM32L1xx_HAL_Driver/Inc/stm32l1xx_ll_bus.h ****   *         AHBLPENR     SRAMLPEN      LL_AHB1_GRP1_EnableClockSleep\n
 400:Drivers/STM32L1xx_HAL_Driver/Inc/stm32l1xx_ll_bus.h ****   *         AHBLPENR     DMA1LPEN      LL_AHB1_GRP1_EnableClockSleep\n
 401:Drivers/STM32L1xx_HAL_Driver/Inc/stm32l1xx_ll_bus.h ****   *         AHBLPENR     DMA2LPEN      LL_AHB1_GRP1_EnableClockSleep\n
 402:Drivers/STM32L1xx_HAL_Driver/Inc/stm32l1xx_ll_bus.h ****   *         AHBLPENR     AESLPEN       LL_AHB1_GRP1_EnableClockSleep\n
 403:Drivers/STM32L1xx_HAL_Driver/Inc/stm32l1xx_ll_bus.h ****   *         AHBLPENR     FSMCLPEN      LL_AHB1_GRP1_EnableClockSleep
 404:Drivers/STM32L1xx_HAL_Driver/Inc/stm32l1xx_ll_bus.h ****   * @param  Periphs This parameter can be a combination of the following values:
 405:Drivers/STM32L1xx_HAL_Driver/Inc/stm32l1xx_ll_bus.h ****   *         @arg @ref LL_AHB1_GRP1_PERIPH_GPIOA
 406:Drivers/STM32L1xx_HAL_Driver/Inc/stm32l1xx_ll_bus.h ****   *         @arg @ref LL_AHB1_GRP1_PERIPH_GPIOB
 407:Drivers/STM32L1xx_HAL_Driver/Inc/stm32l1xx_ll_bus.h ****   *         @arg @ref LL_AHB1_GRP1_PERIPH_GPIOC
 408:Drivers/STM32L1xx_HAL_Driver/Inc/stm32l1xx_ll_bus.h ****   *         @arg @ref LL_AHB1_GRP1_PERIPH_GPIOD
 409:Drivers/STM32L1xx_HAL_Driver/Inc/stm32l1xx_ll_bus.h ****   *         @arg @ref LL_AHB1_GRP1_PERIPH_GPIOE (*)
 410:Drivers/STM32L1xx_HAL_Driver/Inc/stm32l1xx_ll_bus.h ****   *         @arg @ref LL_AHB1_GRP1_PERIPH_GPIOH
 411:Drivers/STM32L1xx_HAL_Driver/Inc/stm32l1xx_ll_bus.h ****   *         @arg @ref LL_AHB1_GRP1_PERIPH_GPIOF (*)
 412:Drivers/STM32L1xx_HAL_Driver/Inc/stm32l1xx_ll_bus.h ****   *         @arg @ref LL_AHB1_GRP1_PERIPH_GPIOG (*)
 413:Drivers/STM32L1xx_HAL_Driver/Inc/stm32l1xx_ll_bus.h ****   *         @arg @ref LL_AHB1_GRP1_PERIPH_CRC
 414:Drivers/STM32L1xx_HAL_Driver/Inc/stm32l1xx_ll_bus.h ****   *         @arg @ref LL_AHB1_GRP1_PERIPH_FLASH
 415:Drivers/STM32L1xx_HAL_Driver/Inc/stm32l1xx_ll_bus.h ****   *         @arg @ref LL_AHB1_GRP1_PERIPH_SRAM
 416:Drivers/STM32L1xx_HAL_Driver/Inc/stm32l1xx_ll_bus.h ****   *         @arg @ref LL_AHB1_GRP1_PERIPH_DMA1
 417:Drivers/STM32L1xx_HAL_Driver/Inc/stm32l1xx_ll_bus.h ****   *         @arg @ref LL_AHB1_GRP1_PERIPH_DMA2 (*)
 418:Drivers/STM32L1xx_HAL_Driver/Inc/stm32l1xx_ll_bus.h ****   *         @arg @ref LL_AHB1_GRP1_PERIPH_CRYP (*)
 419:Drivers/STM32L1xx_HAL_Driver/Inc/stm32l1xx_ll_bus.h ****   *         @arg @ref LL_AHB1_GRP1_PERIPH_FSMC (*)
ARM GAS  C:\Users\domen\AppData\Local\Temp\ccHqe2wy.s 			page 10


 420:Drivers/STM32L1xx_HAL_Driver/Inc/stm32l1xx_ll_bus.h ****   *
 421:Drivers/STM32L1xx_HAL_Driver/Inc/stm32l1xx_ll_bus.h ****   *         (*) value not defined in all devices.
 422:Drivers/STM32L1xx_HAL_Driver/Inc/stm32l1xx_ll_bus.h ****   * @retval None
 423:Drivers/STM32L1xx_HAL_Driver/Inc/stm32l1xx_ll_bus.h **** */
 424:Drivers/STM32L1xx_HAL_Driver/Inc/stm32l1xx_ll_bus.h **** __STATIC_INLINE void LL_AHB1_GRP1_EnableClockSleep(uint32_t Periphs)
 425:Drivers/STM32L1xx_HAL_Driver/Inc/stm32l1xx_ll_bus.h **** {
 426:Drivers/STM32L1xx_HAL_Driver/Inc/stm32l1xx_ll_bus.h ****   __IO uint32_t tmpreg;
 427:Drivers/STM32L1xx_HAL_Driver/Inc/stm32l1xx_ll_bus.h ****   SET_BIT(RCC->AHBLPENR, Periphs);
 428:Drivers/STM32L1xx_HAL_Driver/Inc/stm32l1xx_ll_bus.h ****   /* Delay after an RCC peripheral clock enabling */
 429:Drivers/STM32L1xx_HAL_Driver/Inc/stm32l1xx_ll_bus.h ****   tmpreg = READ_BIT(RCC->AHBLPENR, Periphs);
 430:Drivers/STM32L1xx_HAL_Driver/Inc/stm32l1xx_ll_bus.h ****   (void)tmpreg;
 431:Drivers/STM32L1xx_HAL_Driver/Inc/stm32l1xx_ll_bus.h **** }
 432:Drivers/STM32L1xx_HAL_Driver/Inc/stm32l1xx_ll_bus.h **** 
 433:Drivers/STM32L1xx_HAL_Driver/Inc/stm32l1xx_ll_bus.h **** /**
 434:Drivers/STM32L1xx_HAL_Driver/Inc/stm32l1xx_ll_bus.h ****   * @brief  Disable AHB1 peripherals clock during Low Power (Sleep) mode.
 435:Drivers/STM32L1xx_HAL_Driver/Inc/stm32l1xx_ll_bus.h ****   * @rmtoll AHBLPENR     GPIOALPEN     LL_AHB1_GRP1_DisableClockSleep\n
 436:Drivers/STM32L1xx_HAL_Driver/Inc/stm32l1xx_ll_bus.h ****   *         AHBLPENR     GPIOBLPEN     LL_AHB1_GRP1_DisableClockSleep\n
 437:Drivers/STM32L1xx_HAL_Driver/Inc/stm32l1xx_ll_bus.h ****   *         AHBLPENR     GPIOCLPEN     LL_AHB1_GRP1_DisableClockSleep\n
 438:Drivers/STM32L1xx_HAL_Driver/Inc/stm32l1xx_ll_bus.h ****   *         AHBLPENR     GPIODLPEN     LL_AHB1_GRP1_DisableClockSleep\n
 439:Drivers/STM32L1xx_HAL_Driver/Inc/stm32l1xx_ll_bus.h ****   *         AHBLPENR     GPIOELPEN     LL_AHB1_GRP1_DisableClockSleep\n
 440:Drivers/STM32L1xx_HAL_Driver/Inc/stm32l1xx_ll_bus.h ****   *         AHBLPENR     GPIOHLPEN     LL_AHB1_GRP1_DisableClockSleep\n
 441:Drivers/STM32L1xx_HAL_Driver/Inc/stm32l1xx_ll_bus.h ****   *         AHBLPENR     GPIOFLPEN     LL_AHB1_GRP1_DisableClockSleep\n
 442:Drivers/STM32L1xx_HAL_Driver/Inc/stm32l1xx_ll_bus.h ****   *         AHBLPENR     GPIOGLPEN     LL_AHB1_GRP1_DisableClockSleep\n
 443:Drivers/STM32L1xx_HAL_Driver/Inc/stm32l1xx_ll_bus.h ****   *         AHBLPENR     CRCLPEN       LL_AHB1_GRP1_DisableClockSleep\n
 444:Drivers/STM32L1xx_HAL_Driver/Inc/stm32l1xx_ll_bus.h ****   *         AHBLPENR     FLITFLPEN     LL_AHB1_GRP1_DisableClockSleep\n
 445:Drivers/STM32L1xx_HAL_Driver/Inc/stm32l1xx_ll_bus.h ****   *         AHBLPENR     SRAMLPEN      LL_AHB1_GRP1_DisableClockSleep\n
 446:Drivers/STM32L1xx_HAL_Driver/Inc/stm32l1xx_ll_bus.h ****   *         AHBLPENR     DMA1LPEN      LL_AHB1_GRP1_DisableClockSleep\n
 447:Drivers/STM32L1xx_HAL_Driver/Inc/stm32l1xx_ll_bus.h ****   *         AHBLPENR     DMA2LPEN      LL_AHB1_GRP1_DisableClockSleep\n
 448:Drivers/STM32L1xx_HAL_Driver/Inc/stm32l1xx_ll_bus.h ****   *         AHBLPENR     AESLPEN       LL_AHB1_GRP1_DisableClockSleep\n
 449:Drivers/STM32L1xx_HAL_Driver/Inc/stm32l1xx_ll_bus.h ****   *         AHBLPENR     FSMCLPEN      LL_AHB1_GRP1_DisableClockSleep
 450:Drivers/STM32L1xx_HAL_Driver/Inc/stm32l1xx_ll_bus.h ****   * @param  Periphs This parameter can be a combination of the following values:
 451:Drivers/STM32L1xx_HAL_Driver/Inc/stm32l1xx_ll_bus.h ****   *         @arg @ref LL_AHB1_GRP1_PERIPH_GPIOA
 452:Drivers/STM32L1xx_HAL_Driver/Inc/stm32l1xx_ll_bus.h ****   *         @arg @ref LL_AHB1_GRP1_PERIPH_GPIOB
 453:Drivers/STM32L1xx_HAL_Driver/Inc/stm32l1xx_ll_bus.h ****   *         @arg @ref LL_AHB1_GRP1_PERIPH_GPIOC
 454:Drivers/STM32L1xx_HAL_Driver/Inc/stm32l1xx_ll_bus.h ****   *         @arg @ref LL_AHB1_GRP1_PERIPH_GPIOD
 455:Drivers/STM32L1xx_HAL_Driver/Inc/stm32l1xx_ll_bus.h ****   *         @arg @ref LL_AHB1_GRP1_PERIPH_GPIOE (*)
 456:Drivers/STM32L1xx_HAL_Driver/Inc/stm32l1xx_ll_bus.h ****   *         @arg @ref LL_AHB1_GRP1_PERIPH_GPIOH
 457:Drivers/STM32L1xx_HAL_Driver/Inc/stm32l1xx_ll_bus.h ****   *         @arg @ref LL_AHB1_GRP1_PERIPH_GPIOF (*)
 458:Drivers/STM32L1xx_HAL_Driver/Inc/stm32l1xx_ll_bus.h ****   *         @arg @ref LL_AHB1_GRP1_PERIPH_GPIOG (*)
 459:Drivers/STM32L1xx_HAL_Driver/Inc/stm32l1xx_ll_bus.h ****   *         @arg @ref LL_AHB1_GRP1_PERIPH_CRC
 460:Drivers/STM32L1xx_HAL_Driver/Inc/stm32l1xx_ll_bus.h ****   *         @arg @ref LL_AHB1_GRP1_PERIPH_FLASH
 461:Drivers/STM32L1xx_HAL_Driver/Inc/stm32l1xx_ll_bus.h ****   *         @arg @ref LL_AHB1_GRP1_PERIPH_SRAM
 462:Drivers/STM32L1xx_HAL_Driver/Inc/stm32l1xx_ll_bus.h ****   *         @arg @ref LL_AHB1_GRP1_PERIPH_DMA1
 463:Drivers/STM32L1xx_HAL_Driver/Inc/stm32l1xx_ll_bus.h ****   *         @arg @ref LL_AHB1_GRP1_PERIPH_DMA2 (*)
 464:Drivers/STM32L1xx_HAL_Driver/Inc/stm32l1xx_ll_bus.h ****   *         @arg @ref LL_AHB1_GRP1_PERIPH_CRYP (*)
 465:Drivers/STM32L1xx_HAL_Driver/Inc/stm32l1xx_ll_bus.h ****   *         @arg @ref LL_AHB1_GRP1_PERIPH_FSMC (*)
 466:Drivers/STM32L1xx_HAL_Driver/Inc/stm32l1xx_ll_bus.h ****   *
 467:Drivers/STM32L1xx_HAL_Driver/Inc/stm32l1xx_ll_bus.h ****   *         (*) value not defined in all devices.
 468:Drivers/STM32L1xx_HAL_Driver/Inc/stm32l1xx_ll_bus.h ****   * @retval None
 469:Drivers/STM32L1xx_HAL_Driver/Inc/stm32l1xx_ll_bus.h **** */
 470:Drivers/STM32L1xx_HAL_Driver/Inc/stm32l1xx_ll_bus.h **** __STATIC_INLINE void LL_AHB1_GRP1_DisableClockSleep(uint32_t Periphs)
 471:Drivers/STM32L1xx_HAL_Driver/Inc/stm32l1xx_ll_bus.h **** {
 472:Drivers/STM32L1xx_HAL_Driver/Inc/stm32l1xx_ll_bus.h ****   CLEAR_BIT(RCC->AHBLPENR, Periphs);
 473:Drivers/STM32L1xx_HAL_Driver/Inc/stm32l1xx_ll_bus.h **** }
 474:Drivers/STM32L1xx_HAL_Driver/Inc/stm32l1xx_ll_bus.h **** 
 475:Drivers/STM32L1xx_HAL_Driver/Inc/stm32l1xx_ll_bus.h **** /**
 476:Drivers/STM32L1xx_HAL_Driver/Inc/stm32l1xx_ll_bus.h ****   * @}
ARM GAS  C:\Users\domen\AppData\Local\Temp\ccHqe2wy.s 			page 11


 477:Drivers/STM32L1xx_HAL_Driver/Inc/stm32l1xx_ll_bus.h ****   */
 478:Drivers/STM32L1xx_HAL_Driver/Inc/stm32l1xx_ll_bus.h **** 
 479:Drivers/STM32L1xx_HAL_Driver/Inc/stm32l1xx_ll_bus.h **** /** @defgroup BUS_LL_EF_APB1 APB1
 480:Drivers/STM32L1xx_HAL_Driver/Inc/stm32l1xx_ll_bus.h ****   * @{
 481:Drivers/STM32L1xx_HAL_Driver/Inc/stm32l1xx_ll_bus.h ****   */
 482:Drivers/STM32L1xx_HAL_Driver/Inc/stm32l1xx_ll_bus.h **** 
 483:Drivers/STM32L1xx_HAL_Driver/Inc/stm32l1xx_ll_bus.h **** /**
 484:Drivers/STM32L1xx_HAL_Driver/Inc/stm32l1xx_ll_bus.h ****   * @brief  Enable APB1 peripherals clock.
 485:Drivers/STM32L1xx_HAL_Driver/Inc/stm32l1xx_ll_bus.h ****   * @rmtoll APB1ENR      TIM2EN        LL_APB1_GRP1_EnableClock\n
 486:Drivers/STM32L1xx_HAL_Driver/Inc/stm32l1xx_ll_bus.h ****   *         APB1ENR      TIM3EN        LL_APB1_GRP1_EnableClock\n
 487:Drivers/STM32L1xx_HAL_Driver/Inc/stm32l1xx_ll_bus.h ****   *         APB1ENR      TIM4EN        LL_APB1_GRP1_EnableClock\n
 488:Drivers/STM32L1xx_HAL_Driver/Inc/stm32l1xx_ll_bus.h ****   *         APB1ENR      TIM5EN        LL_APB1_GRP1_EnableClock\n
 489:Drivers/STM32L1xx_HAL_Driver/Inc/stm32l1xx_ll_bus.h ****   *         APB1ENR      TIM6EN        LL_APB1_GRP1_EnableClock\n
 490:Drivers/STM32L1xx_HAL_Driver/Inc/stm32l1xx_ll_bus.h ****   *         APB1ENR      TIM7EN        LL_APB1_GRP1_EnableClock\n
 491:Drivers/STM32L1xx_HAL_Driver/Inc/stm32l1xx_ll_bus.h ****   *         APB1ENR      LCDEN         LL_APB1_GRP1_EnableClock\n
 492:Drivers/STM32L1xx_HAL_Driver/Inc/stm32l1xx_ll_bus.h ****   *         APB1ENR      WWDGEN        LL_APB1_GRP1_EnableClock\n
 493:Drivers/STM32L1xx_HAL_Driver/Inc/stm32l1xx_ll_bus.h ****   *         APB1ENR      SPI2EN        LL_APB1_GRP1_EnableClock\n
 494:Drivers/STM32L1xx_HAL_Driver/Inc/stm32l1xx_ll_bus.h ****   *         APB1ENR      SPI3EN        LL_APB1_GRP1_EnableClock\n
 495:Drivers/STM32L1xx_HAL_Driver/Inc/stm32l1xx_ll_bus.h ****   *         APB1ENR      USART2EN      LL_APB1_GRP1_EnableClock\n
 496:Drivers/STM32L1xx_HAL_Driver/Inc/stm32l1xx_ll_bus.h ****   *         APB1ENR      USART3EN      LL_APB1_GRP1_EnableClock\n
 497:Drivers/STM32L1xx_HAL_Driver/Inc/stm32l1xx_ll_bus.h ****   *         APB1ENR      UART4EN       LL_APB1_GRP1_EnableClock\n
 498:Drivers/STM32L1xx_HAL_Driver/Inc/stm32l1xx_ll_bus.h ****   *         APB1ENR      UART5EN       LL_APB1_GRP1_EnableClock\n
 499:Drivers/STM32L1xx_HAL_Driver/Inc/stm32l1xx_ll_bus.h ****   *         APB1ENR      I2C1EN        LL_APB1_GRP1_EnableClock\n
 500:Drivers/STM32L1xx_HAL_Driver/Inc/stm32l1xx_ll_bus.h ****   *         APB1ENR      I2C2EN        LL_APB1_GRP1_EnableClock\n
 501:Drivers/STM32L1xx_HAL_Driver/Inc/stm32l1xx_ll_bus.h ****   *         APB1ENR      USBEN         LL_APB1_GRP1_EnableClock\n
 502:Drivers/STM32L1xx_HAL_Driver/Inc/stm32l1xx_ll_bus.h ****   *         APB1ENR      PWREN         LL_APB1_GRP1_EnableClock\n
 503:Drivers/STM32L1xx_HAL_Driver/Inc/stm32l1xx_ll_bus.h ****   *         APB1ENR      DACEN         LL_APB1_GRP1_EnableClock\n
 504:Drivers/STM32L1xx_HAL_Driver/Inc/stm32l1xx_ll_bus.h ****   *         APB1ENR      COMPEN        LL_APB1_GRP1_EnableClock
 505:Drivers/STM32L1xx_HAL_Driver/Inc/stm32l1xx_ll_bus.h ****   * @param  Periphs This parameter can be a combination of the following values:
 506:Drivers/STM32L1xx_HAL_Driver/Inc/stm32l1xx_ll_bus.h ****   *         @arg @ref LL_APB1_GRP1_PERIPH_TIM2
 507:Drivers/STM32L1xx_HAL_Driver/Inc/stm32l1xx_ll_bus.h ****   *         @arg @ref LL_APB1_GRP1_PERIPH_TIM3
 508:Drivers/STM32L1xx_HAL_Driver/Inc/stm32l1xx_ll_bus.h ****   *         @arg @ref LL_APB1_GRP1_PERIPH_TIM4
 509:Drivers/STM32L1xx_HAL_Driver/Inc/stm32l1xx_ll_bus.h ****   *         @arg @ref LL_APB1_GRP1_PERIPH_TIM5 (*)
 510:Drivers/STM32L1xx_HAL_Driver/Inc/stm32l1xx_ll_bus.h ****   *         @arg @ref LL_APB1_GRP1_PERIPH_TIM6
 511:Drivers/STM32L1xx_HAL_Driver/Inc/stm32l1xx_ll_bus.h ****   *         @arg @ref LL_APB1_GRP1_PERIPH_TIM7
 512:Drivers/STM32L1xx_HAL_Driver/Inc/stm32l1xx_ll_bus.h ****   *         @arg @ref LL_APB1_GRP1_PERIPH_LCD (*)
 513:Drivers/STM32L1xx_HAL_Driver/Inc/stm32l1xx_ll_bus.h ****   *         @arg @ref LL_APB1_GRP1_PERIPH_WWDG
 514:Drivers/STM32L1xx_HAL_Driver/Inc/stm32l1xx_ll_bus.h ****   *         @arg @ref LL_APB1_GRP1_PERIPH_SPI2
 515:Drivers/STM32L1xx_HAL_Driver/Inc/stm32l1xx_ll_bus.h ****   *         @arg @ref LL_APB1_GRP1_PERIPH_SPI3 (*)
 516:Drivers/STM32L1xx_HAL_Driver/Inc/stm32l1xx_ll_bus.h ****   *         @arg @ref LL_APB1_GRP1_PERIPH_USART2
 517:Drivers/STM32L1xx_HAL_Driver/Inc/stm32l1xx_ll_bus.h ****   *         @arg @ref LL_APB1_GRP1_PERIPH_USART3
 518:Drivers/STM32L1xx_HAL_Driver/Inc/stm32l1xx_ll_bus.h ****   *         @arg @ref LL_APB1_GRP1_PERIPH_UART4 (*)
 519:Drivers/STM32L1xx_HAL_Driver/Inc/stm32l1xx_ll_bus.h ****   *         @arg @ref LL_APB1_GRP1_PERIPH_UART5 (*)
 520:Drivers/STM32L1xx_HAL_Driver/Inc/stm32l1xx_ll_bus.h ****   *         @arg @ref LL_APB1_GRP1_PERIPH_I2C1
 521:Drivers/STM32L1xx_HAL_Driver/Inc/stm32l1xx_ll_bus.h ****   *         @arg @ref LL_APB1_GRP1_PERIPH_I2C2
 522:Drivers/STM32L1xx_HAL_Driver/Inc/stm32l1xx_ll_bus.h ****   *         @arg @ref LL_APB1_GRP1_PERIPH_USB
 523:Drivers/STM32L1xx_HAL_Driver/Inc/stm32l1xx_ll_bus.h ****   *         @arg @ref LL_APB1_GRP1_PERIPH_PWR
 524:Drivers/STM32L1xx_HAL_Driver/Inc/stm32l1xx_ll_bus.h ****   *         @arg @ref LL_APB1_GRP1_PERIPH_DAC1
 525:Drivers/STM32L1xx_HAL_Driver/Inc/stm32l1xx_ll_bus.h ****   *         @arg @ref LL_APB1_GRP1_PERIPH_COMP
 526:Drivers/STM32L1xx_HAL_Driver/Inc/stm32l1xx_ll_bus.h ****   *         @arg @ref LL_APB1_GRP1_PERIPH_OPAMP (*)
 527:Drivers/STM32L1xx_HAL_Driver/Inc/stm32l1xx_ll_bus.h ****   *
 528:Drivers/STM32L1xx_HAL_Driver/Inc/stm32l1xx_ll_bus.h ****   *         (*) value not defined in all devices.
 529:Drivers/STM32L1xx_HAL_Driver/Inc/stm32l1xx_ll_bus.h ****   * @retval None
 530:Drivers/STM32L1xx_HAL_Driver/Inc/stm32l1xx_ll_bus.h **** */
 531:Drivers/STM32L1xx_HAL_Driver/Inc/stm32l1xx_ll_bus.h **** __STATIC_INLINE void LL_APB1_GRP1_EnableClock(uint32_t Periphs)
 532:Drivers/STM32L1xx_HAL_Driver/Inc/stm32l1xx_ll_bus.h **** {
 533:Drivers/STM32L1xx_HAL_Driver/Inc/stm32l1xx_ll_bus.h ****   __IO uint32_t tmpreg;
ARM GAS  C:\Users\domen\AppData\Local\Temp\ccHqe2wy.s 			page 12


 534:Drivers/STM32L1xx_HAL_Driver/Inc/stm32l1xx_ll_bus.h ****   SET_BIT(RCC->APB1ENR, Periphs);
 535:Drivers/STM32L1xx_HAL_Driver/Inc/stm32l1xx_ll_bus.h ****   /* Delay after an RCC peripheral clock enabling */
 536:Drivers/STM32L1xx_HAL_Driver/Inc/stm32l1xx_ll_bus.h ****   tmpreg = READ_BIT(RCC->APB1ENR, Periphs);
 537:Drivers/STM32L1xx_HAL_Driver/Inc/stm32l1xx_ll_bus.h ****   (void)tmpreg;
 538:Drivers/STM32L1xx_HAL_Driver/Inc/stm32l1xx_ll_bus.h **** }
 539:Drivers/STM32L1xx_HAL_Driver/Inc/stm32l1xx_ll_bus.h **** 
 540:Drivers/STM32L1xx_HAL_Driver/Inc/stm32l1xx_ll_bus.h **** /**
 541:Drivers/STM32L1xx_HAL_Driver/Inc/stm32l1xx_ll_bus.h ****   * @brief  Check if APB1 peripheral clock is enabled or not
 542:Drivers/STM32L1xx_HAL_Driver/Inc/stm32l1xx_ll_bus.h ****   * @rmtoll APB1ENR      TIM2EN        LL_APB1_GRP1_IsEnabledClock\n
 543:Drivers/STM32L1xx_HAL_Driver/Inc/stm32l1xx_ll_bus.h ****   *         APB1ENR      TIM3EN        LL_APB1_GRP1_IsEnabledClock\n
 544:Drivers/STM32L1xx_HAL_Driver/Inc/stm32l1xx_ll_bus.h ****   *         APB1ENR      TIM4EN        LL_APB1_GRP1_IsEnabledClock\n
 545:Drivers/STM32L1xx_HAL_Driver/Inc/stm32l1xx_ll_bus.h ****   *         APB1ENR      TIM5EN        LL_APB1_GRP1_IsEnabledClock\n
 546:Drivers/STM32L1xx_HAL_Driver/Inc/stm32l1xx_ll_bus.h ****   *         APB1ENR      TIM6EN        LL_APB1_GRP1_IsEnabledClock\n
 547:Drivers/STM32L1xx_HAL_Driver/Inc/stm32l1xx_ll_bus.h ****   *         APB1ENR      TIM7EN        LL_APB1_GRP1_IsEnabledClock\n
 548:Drivers/STM32L1xx_HAL_Driver/Inc/stm32l1xx_ll_bus.h ****   *         APB1ENR      LCDEN         LL_APB1_GRP1_IsEnabledClock\n
 549:Drivers/STM32L1xx_HAL_Driver/Inc/stm32l1xx_ll_bus.h ****   *         APB1ENR      WWDGEN        LL_APB1_GRP1_IsEnabledClock\n
 550:Drivers/STM32L1xx_HAL_Driver/Inc/stm32l1xx_ll_bus.h ****   *         APB1ENR      SPI2EN        LL_APB1_GRP1_IsEnabledClock\n
 551:Drivers/STM32L1xx_HAL_Driver/Inc/stm32l1xx_ll_bus.h ****   *         APB1ENR      SPI3EN        LL_APB1_GRP1_IsEnabledClock\n
 552:Drivers/STM32L1xx_HAL_Driver/Inc/stm32l1xx_ll_bus.h ****   *         APB1ENR      USART2EN      LL_APB1_GRP1_IsEnabledClock\n
 553:Drivers/STM32L1xx_HAL_Driver/Inc/stm32l1xx_ll_bus.h ****   *         APB1ENR      USART3EN      LL_APB1_GRP1_IsEnabledClock\n
 554:Drivers/STM32L1xx_HAL_Driver/Inc/stm32l1xx_ll_bus.h ****   *         APB1ENR      UART4EN       LL_APB1_GRP1_IsEnabledClock\n
 555:Drivers/STM32L1xx_HAL_Driver/Inc/stm32l1xx_ll_bus.h ****   *         APB1ENR      UART5EN       LL_APB1_GRP1_IsEnabledClock\n
 556:Drivers/STM32L1xx_HAL_Driver/Inc/stm32l1xx_ll_bus.h ****   *         APB1ENR      I2C1EN        LL_APB1_GRP1_IsEnabledClock\n
 557:Drivers/STM32L1xx_HAL_Driver/Inc/stm32l1xx_ll_bus.h ****   *         APB1ENR      I2C2EN        LL_APB1_GRP1_IsEnabledClock\n
 558:Drivers/STM32L1xx_HAL_Driver/Inc/stm32l1xx_ll_bus.h ****   *         APB1ENR      USBEN         LL_APB1_GRP1_IsEnabledClock\n
 559:Drivers/STM32L1xx_HAL_Driver/Inc/stm32l1xx_ll_bus.h ****   *         APB1ENR      PWREN         LL_APB1_GRP1_IsEnabledClock\n
 560:Drivers/STM32L1xx_HAL_Driver/Inc/stm32l1xx_ll_bus.h ****   *         APB1ENR      DACEN         LL_APB1_GRP1_IsEnabledClock\n
 561:Drivers/STM32L1xx_HAL_Driver/Inc/stm32l1xx_ll_bus.h ****   *         APB1ENR      COMPEN        LL_APB1_GRP1_IsEnabledClock
 562:Drivers/STM32L1xx_HAL_Driver/Inc/stm32l1xx_ll_bus.h ****   * @param  Periphs This parameter can be a combination of the following values:
 563:Drivers/STM32L1xx_HAL_Driver/Inc/stm32l1xx_ll_bus.h ****   *         @arg @ref LL_APB1_GRP1_PERIPH_TIM2
 564:Drivers/STM32L1xx_HAL_Driver/Inc/stm32l1xx_ll_bus.h ****   *         @arg @ref LL_APB1_GRP1_PERIPH_TIM3
 565:Drivers/STM32L1xx_HAL_Driver/Inc/stm32l1xx_ll_bus.h ****   *         @arg @ref LL_APB1_GRP1_PERIPH_TIM4
 566:Drivers/STM32L1xx_HAL_Driver/Inc/stm32l1xx_ll_bus.h ****   *         @arg @ref LL_APB1_GRP1_PERIPH_TIM5 (*)
 567:Drivers/STM32L1xx_HAL_Driver/Inc/stm32l1xx_ll_bus.h ****   *         @arg @ref LL_APB1_GRP1_PERIPH_TIM6
 568:Drivers/STM32L1xx_HAL_Driver/Inc/stm32l1xx_ll_bus.h ****   *         @arg @ref LL_APB1_GRP1_PERIPH_TIM7
 569:Drivers/STM32L1xx_HAL_Driver/Inc/stm32l1xx_ll_bus.h ****   *         @arg @ref LL_APB1_GRP1_PERIPH_LCD (*)
 570:Drivers/STM32L1xx_HAL_Driver/Inc/stm32l1xx_ll_bus.h ****   *         @arg @ref LL_APB1_GRP1_PERIPH_WWDG
 571:Drivers/STM32L1xx_HAL_Driver/Inc/stm32l1xx_ll_bus.h ****   *         @arg @ref LL_APB1_GRP1_PERIPH_SPI2
 572:Drivers/STM32L1xx_HAL_Driver/Inc/stm32l1xx_ll_bus.h ****   *         @arg @ref LL_APB1_GRP1_PERIPH_SPI3 (*)
 573:Drivers/STM32L1xx_HAL_Driver/Inc/stm32l1xx_ll_bus.h ****   *         @arg @ref LL_APB1_GRP1_PERIPH_USART2
 574:Drivers/STM32L1xx_HAL_Driver/Inc/stm32l1xx_ll_bus.h ****   *         @arg @ref LL_APB1_GRP1_PERIPH_USART3
 575:Drivers/STM32L1xx_HAL_Driver/Inc/stm32l1xx_ll_bus.h ****   *         @arg @ref LL_APB1_GRP1_PERIPH_UART4 (*)
 576:Drivers/STM32L1xx_HAL_Driver/Inc/stm32l1xx_ll_bus.h ****   *         @arg @ref LL_APB1_GRP1_PERIPH_UART5 (*)
 577:Drivers/STM32L1xx_HAL_Driver/Inc/stm32l1xx_ll_bus.h ****   *         @arg @ref LL_APB1_GRP1_PERIPH_I2C1
 578:Drivers/STM32L1xx_HAL_Driver/Inc/stm32l1xx_ll_bus.h ****   *         @arg @ref LL_APB1_GRP1_PERIPH_I2C2
 579:Drivers/STM32L1xx_HAL_Driver/Inc/stm32l1xx_ll_bus.h ****   *         @arg @ref LL_APB1_GRP1_PERIPH_USB
 580:Drivers/STM32L1xx_HAL_Driver/Inc/stm32l1xx_ll_bus.h ****   *         @arg @ref LL_APB1_GRP1_PERIPH_PWR
 581:Drivers/STM32L1xx_HAL_Driver/Inc/stm32l1xx_ll_bus.h ****   *         @arg @ref LL_APB1_GRP1_PERIPH_DAC1
 582:Drivers/STM32L1xx_HAL_Driver/Inc/stm32l1xx_ll_bus.h ****   *         @arg @ref LL_APB1_GRP1_PERIPH_COMP
 583:Drivers/STM32L1xx_HAL_Driver/Inc/stm32l1xx_ll_bus.h ****   *         @arg @ref LL_APB1_GRP1_PERIPH_OPAMP (*)
 584:Drivers/STM32L1xx_HAL_Driver/Inc/stm32l1xx_ll_bus.h ****   *
 585:Drivers/STM32L1xx_HAL_Driver/Inc/stm32l1xx_ll_bus.h ****   *         (*) value not defined in all devices.
 586:Drivers/STM32L1xx_HAL_Driver/Inc/stm32l1xx_ll_bus.h ****   * @retval State of Periphs (1 or 0).
 587:Drivers/STM32L1xx_HAL_Driver/Inc/stm32l1xx_ll_bus.h **** */
 588:Drivers/STM32L1xx_HAL_Driver/Inc/stm32l1xx_ll_bus.h **** __STATIC_INLINE uint32_t LL_APB1_GRP1_IsEnabledClock(uint32_t Periphs)
 589:Drivers/STM32L1xx_HAL_Driver/Inc/stm32l1xx_ll_bus.h **** {
 590:Drivers/STM32L1xx_HAL_Driver/Inc/stm32l1xx_ll_bus.h ****   return ((READ_BIT(RCC->APB1ENR, Periphs) == (Periphs)) ? 1UL : 0UL);
ARM GAS  C:\Users\domen\AppData\Local\Temp\ccHqe2wy.s 			page 13


 591:Drivers/STM32L1xx_HAL_Driver/Inc/stm32l1xx_ll_bus.h **** }
 592:Drivers/STM32L1xx_HAL_Driver/Inc/stm32l1xx_ll_bus.h **** 
 593:Drivers/STM32L1xx_HAL_Driver/Inc/stm32l1xx_ll_bus.h **** /**
 594:Drivers/STM32L1xx_HAL_Driver/Inc/stm32l1xx_ll_bus.h ****   * @brief  Disable APB1 peripherals clock.
 595:Drivers/STM32L1xx_HAL_Driver/Inc/stm32l1xx_ll_bus.h ****   * @rmtoll APB1ENR      TIM2EN        LL_APB1_GRP1_DisableClock\n
 596:Drivers/STM32L1xx_HAL_Driver/Inc/stm32l1xx_ll_bus.h ****   *         APB1ENR      TIM3EN        LL_APB1_GRP1_DisableClock\n
 597:Drivers/STM32L1xx_HAL_Driver/Inc/stm32l1xx_ll_bus.h ****   *         APB1ENR      TIM4EN        LL_APB1_GRP1_DisableClock\n
 598:Drivers/STM32L1xx_HAL_Driver/Inc/stm32l1xx_ll_bus.h ****   *         APB1ENR      TIM5EN        LL_APB1_GRP1_DisableClock\n
 599:Drivers/STM32L1xx_HAL_Driver/Inc/stm32l1xx_ll_bus.h ****   *         APB1ENR      TIM6EN        LL_APB1_GRP1_DisableClock\n
 600:Drivers/STM32L1xx_HAL_Driver/Inc/stm32l1xx_ll_bus.h ****   *         APB1ENR      TIM7EN        LL_APB1_GRP1_DisableClock\n
 601:Drivers/STM32L1xx_HAL_Driver/Inc/stm32l1xx_ll_bus.h ****   *         APB1ENR      LCDEN         LL_APB1_GRP1_DisableClock\n
 602:Drivers/STM32L1xx_HAL_Driver/Inc/stm32l1xx_ll_bus.h ****   *         APB1ENR      WWDGEN        LL_APB1_GRP1_DisableClock\n
 603:Drivers/STM32L1xx_HAL_Driver/Inc/stm32l1xx_ll_bus.h ****   *         APB1ENR      SPI2EN        LL_APB1_GRP1_DisableClock\n
 604:Drivers/STM32L1xx_HAL_Driver/Inc/stm32l1xx_ll_bus.h ****   *         APB1ENR      SPI3EN        LL_APB1_GRP1_DisableClock\n
 605:Drivers/STM32L1xx_HAL_Driver/Inc/stm32l1xx_ll_bus.h ****   *         APB1ENR      USART2EN      LL_APB1_GRP1_DisableClock\n
 606:Drivers/STM32L1xx_HAL_Driver/Inc/stm32l1xx_ll_bus.h ****   *         APB1ENR      USART3EN      LL_APB1_GRP1_DisableClock\n
 607:Drivers/STM32L1xx_HAL_Driver/Inc/stm32l1xx_ll_bus.h ****   *         APB1ENR      UART4EN       LL_APB1_GRP1_DisableClock\n
 608:Drivers/STM32L1xx_HAL_Driver/Inc/stm32l1xx_ll_bus.h ****   *         APB1ENR      UART5EN       LL_APB1_GRP1_DisableClock\n
 609:Drivers/STM32L1xx_HAL_Driver/Inc/stm32l1xx_ll_bus.h ****   *         APB1ENR      I2C1EN        LL_APB1_GRP1_DisableClock\n
 610:Drivers/STM32L1xx_HAL_Driver/Inc/stm32l1xx_ll_bus.h ****   *         APB1ENR      I2C2EN        LL_APB1_GRP1_DisableClock\n
 611:Drivers/STM32L1xx_HAL_Driver/Inc/stm32l1xx_ll_bus.h ****   *         APB1ENR      USBEN         LL_APB1_GRP1_DisableClock\n
 612:Drivers/STM32L1xx_HAL_Driver/Inc/stm32l1xx_ll_bus.h ****   *         APB1ENR      PWREN         LL_APB1_GRP1_DisableClock\n
 613:Drivers/STM32L1xx_HAL_Driver/Inc/stm32l1xx_ll_bus.h ****   *         APB1ENR      DACEN         LL_APB1_GRP1_DisableClock\n
 614:Drivers/STM32L1xx_HAL_Driver/Inc/stm32l1xx_ll_bus.h ****   *         APB1ENR      COMPEN        LL_APB1_GRP1_DisableClock
 615:Drivers/STM32L1xx_HAL_Driver/Inc/stm32l1xx_ll_bus.h ****   * @param  Periphs This parameter can be a combination of the following values:
 616:Drivers/STM32L1xx_HAL_Driver/Inc/stm32l1xx_ll_bus.h ****   *         @arg @ref LL_APB1_GRP1_PERIPH_TIM2
 617:Drivers/STM32L1xx_HAL_Driver/Inc/stm32l1xx_ll_bus.h ****   *         @arg @ref LL_APB1_GRP1_PERIPH_TIM3
 618:Drivers/STM32L1xx_HAL_Driver/Inc/stm32l1xx_ll_bus.h ****   *         @arg @ref LL_APB1_GRP1_PERIPH_TIM4
 619:Drivers/STM32L1xx_HAL_Driver/Inc/stm32l1xx_ll_bus.h ****   *         @arg @ref LL_APB1_GRP1_PERIPH_TIM5 (*)
 620:Drivers/STM32L1xx_HAL_Driver/Inc/stm32l1xx_ll_bus.h ****   *         @arg @ref LL_APB1_GRP1_PERIPH_TIM6
 621:Drivers/STM32L1xx_HAL_Driver/Inc/stm32l1xx_ll_bus.h ****   *         @arg @ref LL_APB1_GRP1_PERIPH_TIM7
 622:Drivers/STM32L1xx_HAL_Driver/Inc/stm32l1xx_ll_bus.h ****   *         @arg @ref LL_APB1_GRP1_PERIPH_LCD (*)
 623:Drivers/STM32L1xx_HAL_Driver/Inc/stm32l1xx_ll_bus.h ****   *         @arg @ref LL_APB1_GRP1_PERIPH_WWDG
 624:Drivers/STM32L1xx_HAL_Driver/Inc/stm32l1xx_ll_bus.h ****   *         @arg @ref LL_APB1_GRP1_PERIPH_SPI2
 625:Drivers/STM32L1xx_HAL_Driver/Inc/stm32l1xx_ll_bus.h ****   *         @arg @ref LL_APB1_GRP1_PERIPH_SPI3 (*)
 626:Drivers/STM32L1xx_HAL_Driver/Inc/stm32l1xx_ll_bus.h ****   *         @arg @ref LL_APB1_GRP1_PERIPH_USART2
 627:Drivers/STM32L1xx_HAL_Driver/Inc/stm32l1xx_ll_bus.h ****   *         @arg @ref LL_APB1_GRP1_PERIPH_USART3
 628:Drivers/STM32L1xx_HAL_Driver/Inc/stm32l1xx_ll_bus.h ****   *         @arg @ref LL_APB1_GRP1_PERIPH_UART4 (*)
 629:Drivers/STM32L1xx_HAL_Driver/Inc/stm32l1xx_ll_bus.h ****   *         @arg @ref LL_APB1_GRP1_PERIPH_UART5 (*)
 630:Drivers/STM32L1xx_HAL_Driver/Inc/stm32l1xx_ll_bus.h ****   *         @arg @ref LL_APB1_GRP1_PERIPH_I2C1
 631:Drivers/STM32L1xx_HAL_Driver/Inc/stm32l1xx_ll_bus.h ****   *         @arg @ref LL_APB1_GRP1_PERIPH_I2C2
 632:Drivers/STM32L1xx_HAL_Driver/Inc/stm32l1xx_ll_bus.h ****   *         @arg @ref LL_APB1_GRP1_PERIPH_USB
 633:Drivers/STM32L1xx_HAL_Driver/Inc/stm32l1xx_ll_bus.h ****   *         @arg @ref LL_APB1_GRP1_PERIPH_PWR
 634:Drivers/STM32L1xx_HAL_Driver/Inc/stm32l1xx_ll_bus.h ****   *         @arg @ref LL_APB1_GRP1_PERIPH_DAC1
 635:Drivers/STM32L1xx_HAL_Driver/Inc/stm32l1xx_ll_bus.h ****   *         @arg @ref LL_APB1_GRP1_PERIPH_COMP
 636:Drivers/STM32L1xx_HAL_Driver/Inc/stm32l1xx_ll_bus.h ****   *         @arg @ref LL_APB1_GRP1_PERIPH_OPAMP (*)
 637:Drivers/STM32L1xx_HAL_Driver/Inc/stm32l1xx_ll_bus.h ****   *
 638:Drivers/STM32L1xx_HAL_Driver/Inc/stm32l1xx_ll_bus.h ****   *         (*) value not defined in all devices.
 639:Drivers/STM32L1xx_HAL_Driver/Inc/stm32l1xx_ll_bus.h ****   * @retval None
 640:Drivers/STM32L1xx_HAL_Driver/Inc/stm32l1xx_ll_bus.h **** */
 641:Drivers/STM32L1xx_HAL_Driver/Inc/stm32l1xx_ll_bus.h **** __STATIC_INLINE void LL_APB1_GRP1_DisableClock(uint32_t Periphs)
 642:Drivers/STM32L1xx_HAL_Driver/Inc/stm32l1xx_ll_bus.h **** {
 643:Drivers/STM32L1xx_HAL_Driver/Inc/stm32l1xx_ll_bus.h ****   CLEAR_BIT(RCC->APB1ENR, Periphs);
 644:Drivers/STM32L1xx_HAL_Driver/Inc/stm32l1xx_ll_bus.h **** }
 645:Drivers/STM32L1xx_HAL_Driver/Inc/stm32l1xx_ll_bus.h **** 
 646:Drivers/STM32L1xx_HAL_Driver/Inc/stm32l1xx_ll_bus.h **** /**
 647:Drivers/STM32L1xx_HAL_Driver/Inc/stm32l1xx_ll_bus.h ****   * @brief  Force APB1 peripherals reset.
ARM GAS  C:\Users\domen\AppData\Local\Temp\ccHqe2wy.s 			page 14


 648:Drivers/STM32L1xx_HAL_Driver/Inc/stm32l1xx_ll_bus.h ****   * @rmtoll APB1RSTR     TIM2RST       LL_APB1_GRP1_ForceReset\n
 649:Drivers/STM32L1xx_HAL_Driver/Inc/stm32l1xx_ll_bus.h ****   *         APB1RSTR     TIM3RST       LL_APB1_GRP1_ForceReset\n
 650:Drivers/STM32L1xx_HAL_Driver/Inc/stm32l1xx_ll_bus.h ****   *         APB1RSTR     TIM4RST       LL_APB1_GRP1_ForceReset\n
 651:Drivers/STM32L1xx_HAL_Driver/Inc/stm32l1xx_ll_bus.h ****   *         APB1RSTR     TIM5RST       LL_APB1_GRP1_ForceReset\n
 652:Drivers/STM32L1xx_HAL_Driver/Inc/stm32l1xx_ll_bus.h ****   *         APB1RSTR     TIM6RST       LL_APB1_GRP1_ForceReset\n
 653:Drivers/STM32L1xx_HAL_Driver/Inc/stm32l1xx_ll_bus.h ****   *         APB1RSTR     TIM7RST       LL_APB1_GRP1_ForceReset\n
 654:Drivers/STM32L1xx_HAL_Driver/Inc/stm32l1xx_ll_bus.h ****   *         APB1RSTR     LCDRST        LL_APB1_GRP1_ForceReset\n
 655:Drivers/STM32L1xx_HAL_Driver/Inc/stm32l1xx_ll_bus.h ****   *         APB1RSTR     WWDGRST       LL_APB1_GRP1_ForceReset\n
 656:Drivers/STM32L1xx_HAL_Driver/Inc/stm32l1xx_ll_bus.h ****   *         APB1RSTR     SPI2RST       LL_APB1_GRP1_ForceReset\n
 657:Drivers/STM32L1xx_HAL_Driver/Inc/stm32l1xx_ll_bus.h ****   *         APB1RSTR     SPI3RST       LL_APB1_GRP1_ForceReset\n
 658:Drivers/STM32L1xx_HAL_Driver/Inc/stm32l1xx_ll_bus.h ****   *         APB1RSTR     USART2RST     LL_APB1_GRP1_ForceReset\n
 659:Drivers/STM32L1xx_HAL_Driver/Inc/stm32l1xx_ll_bus.h ****   *         APB1RSTR     USART3RST     LL_APB1_GRP1_ForceReset\n
 660:Drivers/STM32L1xx_HAL_Driver/Inc/stm32l1xx_ll_bus.h ****   *         APB1RSTR     UART4RST      LL_APB1_GRP1_ForceReset\n
 661:Drivers/STM32L1xx_HAL_Driver/Inc/stm32l1xx_ll_bus.h ****   *         APB1RSTR     UART5RST      LL_APB1_GRP1_ForceReset\n
 662:Drivers/STM32L1xx_HAL_Driver/Inc/stm32l1xx_ll_bus.h ****   *         APB1RSTR     I2C1RST       LL_APB1_GRP1_ForceReset\n
 663:Drivers/STM32L1xx_HAL_Driver/Inc/stm32l1xx_ll_bus.h ****   *         APB1RSTR     I2C2RST       LL_APB1_GRP1_ForceReset\n
 664:Drivers/STM32L1xx_HAL_Driver/Inc/stm32l1xx_ll_bus.h ****   *         APB1RSTR     USBRST        LL_APB1_GRP1_ForceReset\n
 665:Drivers/STM32L1xx_HAL_Driver/Inc/stm32l1xx_ll_bus.h ****   *         APB1RSTR     PWRRST        LL_APB1_GRP1_ForceReset\n
 666:Drivers/STM32L1xx_HAL_Driver/Inc/stm32l1xx_ll_bus.h ****   *         APB1RSTR     DACRST        LL_APB1_GRP1_ForceReset\n
 667:Drivers/STM32L1xx_HAL_Driver/Inc/stm32l1xx_ll_bus.h ****   *         APB1RSTR     COMPRST       LL_APB1_GRP1_ForceReset
 668:Drivers/STM32L1xx_HAL_Driver/Inc/stm32l1xx_ll_bus.h ****   * @param  Periphs This parameter can be a combination of the following values:
 669:Drivers/STM32L1xx_HAL_Driver/Inc/stm32l1xx_ll_bus.h ****   *         @arg @ref LL_APB1_GRP1_PERIPH_ALL
 670:Drivers/STM32L1xx_HAL_Driver/Inc/stm32l1xx_ll_bus.h ****   *         @arg @ref LL_APB1_GRP1_PERIPH_TIM2
 671:Drivers/STM32L1xx_HAL_Driver/Inc/stm32l1xx_ll_bus.h ****   *         @arg @ref LL_APB1_GRP1_PERIPH_TIM3
 672:Drivers/STM32L1xx_HAL_Driver/Inc/stm32l1xx_ll_bus.h ****   *         @arg @ref LL_APB1_GRP1_PERIPH_TIM4
 673:Drivers/STM32L1xx_HAL_Driver/Inc/stm32l1xx_ll_bus.h ****   *         @arg @ref LL_APB1_GRP1_PERIPH_TIM5 (*)
 674:Drivers/STM32L1xx_HAL_Driver/Inc/stm32l1xx_ll_bus.h ****   *         @arg @ref LL_APB1_GRP1_PERIPH_TIM6
 675:Drivers/STM32L1xx_HAL_Driver/Inc/stm32l1xx_ll_bus.h ****   *         @arg @ref LL_APB1_GRP1_PERIPH_TIM7
 676:Drivers/STM32L1xx_HAL_Driver/Inc/stm32l1xx_ll_bus.h ****   *         @arg @ref LL_APB1_GRP1_PERIPH_LCD (*)
 677:Drivers/STM32L1xx_HAL_Driver/Inc/stm32l1xx_ll_bus.h ****   *         @arg @ref LL_APB1_GRP1_PERIPH_WWDG
 678:Drivers/STM32L1xx_HAL_Driver/Inc/stm32l1xx_ll_bus.h ****   *         @arg @ref LL_APB1_GRP1_PERIPH_SPI2
 679:Drivers/STM32L1xx_HAL_Driver/Inc/stm32l1xx_ll_bus.h ****   *         @arg @ref LL_APB1_GRP1_PERIPH_SPI3 (*)
 680:Drivers/STM32L1xx_HAL_Driver/Inc/stm32l1xx_ll_bus.h ****   *         @arg @ref LL_APB1_GRP1_PERIPH_USART2
 681:Drivers/STM32L1xx_HAL_Driver/Inc/stm32l1xx_ll_bus.h ****   *         @arg @ref LL_APB1_GRP1_PERIPH_USART3
 682:Drivers/STM32L1xx_HAL_Driver/Inc/stm32l1xx_ll_bus.h ****   *         @arg @ref LL_APB1_GRP1_PERIPH_UART4 (*)
 683:Drivers/STM32L1xx_HAL_Driver/Inc/stm32l1xx_ll_bus.h ****   *         @arg @ref LL_APB1_GRP1_PERIPH_UART5 (*)
 684:Drivers/STM32L1xx_HAL_Driver/Inc/stm32l1xx_ll_bus.h ****   *         @arg @ref LL_APB1_GRP1_PERIPH_I2C1
 685:Drivers/STM32L1xx_HAL_Driver/Inc/stm32l1xx_ll_bus.h ****   *         @arg @ref LL_APB1_GRP1_PERIPH_I2C2
 686:Drivers/STM32L1xx_HAL_Driver/Inc/stm32l1xx_ll_bus.h ****   *         @arg @ref LL_APB1_GRP1_PERIPH_USB
 687:Drivers/STM32L1xx_HAL_Driver/Inc/stm32l1xx_ll_bus.h ****   *         @arg @ref LL_APB1_GRP1_PERIPH_PWR
 688:Drivers/STM32L1xx_HAL_Driver/Inc/stm32l1xx_ll_bus.h ****   *         @arg @ref LL_APB1_GRP1_PERIPH_DAC1
 689:Drivers/STM32L1xx_HAL_Driver/Inc/stm32l1xx_ll_bus.h ****   *         @arg @ref LL_APB1_GRP1_PERIPH_COMP
 690:Drivers/STM32L1xx_HAL_Driver/Inc/stm32l1xx_ll_bus.h ****   *         @arg @ref LL_APB1_GRP1_PERIPH_OPAMP (*)
 691:Drivers/STM32L1xx_HAL_Driver/Inc/stm32l1xx_ll_bus.h ****   *
 692:Drivers/STM32L1xx_HAL_Driver/Inc/stm32l1xx_ll_bus.h ****   *         (*) value not defined in all devices.
 693:Drivers/STM32L1xx_HAL_Driver/Inc/stm32l1xx_ll_bus.h ****   * @retval None
 694:Drivers/STM32L1xx_HAL_Driver/Inc/stm32l1xx_ll_bus.h **** */
 695:Drivers/STM32L1xx_HAL_Driver/Inc/stm32l1xx_ll_bus.h **** __STATIC_INLINE void LL_APB1_GRP1_ForceReset(uint32_t Periphs)
  37              		.loc 2 695 22 view .LVU2
  38              	.LBB7:
 696:Drivers/STM32L1xx_HAL_Driver/Inc/stm32l1xx_ll_bus.h **** {
 697:Drivers/STM32L1xx_HAL_Driver/Inc/stm32l1xx_ll_bus.h ****   SET_BIT(RCC->APB1RSTR, Periphs);
  39              		.loc 2 697 3 view .LVU3
  40 0000 054B     		ldr	r3, .L2
  41 0002 9A69     		ldr	r2, [r3, #24]
  42 0004 42F08052 		orr	r2, r2, #268435456
  43 0008 9A61     		str	r2, [r3, #24]
ARM GAS  C:\Users\domen\AppData\Local\Temp\ccHqe2wy.s 			page 15


  44              	.LVL1:
  45              		.loc 2 697 3 is_stmt 0 view .LVU4
  46              	.LBE7:
  47              	.LBE6:
  60:Drivers/STM32L1xx_HAL_Driver/Src/stm32l1xx_ll_pwr.c **** 
  61:Drivers/STM32L1xx_HAL_Driver/Src/stm32l1xx_ll_pwr.c ****   /* Release reset of PWR clock */
  62:Drivers/STM32L1xx_HAL_Driver/Src/stm32l1xx_ll_pwr.c ****   LL_APB1_GRP1_ReleaseReset(LL_APB1_GRP1_PERIPH_PWR);
  48              		.loc 1 62 3 is_stmt 1 view .LVU5
  49              	.LBB8:
  50              	.LBI8:
 698:Drivers/STM32L1xx_HAL_Driver/Inc/stm32l1xx_ll_bus.h **** }
 699:Drivers/STM32L1xx_HAL_Driver/Inc/stm32l1xx_ll_bus.h **** 
 700:Drivers/STM32L1xx_HAL_Driver/Inc/stm32l1xx_ll_bus.h **** /**
 701:Drivers/STM32L1xx_HAL_Driver/Inc/stm32l1xx_ll_bus.h ****   * @brief  Release APB1 peripherals reset.
 702:Drivers/STM32L1xx_HAL_Driver/Inc/stm32l1xx_ll_bus.h ****   * @rmtoll APB1RSTR     TIM2RST       LL_APB1_GRP1_ReleaseReset\n
 703:Drivers/STM32L1xx_HAL_Driver/Inc/stm32l1xx_ll_bus.h ****   *         APB1RSTR     TIM3RST       LL_APB1_GRP1_ReleaseReset\n
 704:Drivers/STM32L1xx_HAL_Driver/Inc/stm32l1xx_ll_bus.h ****   *         APB1RSTR     TIM4RST       LL_APB1_GRP1_ReleaseReset\n
 705:Drivers/STM32L1xx_HAL_Driver/Inc/stm32l1xx_ll_bus.h ****   *         APB1RSTR     TIM5RST       LL_APB1_GRP1_ReleaseReset\n
 706:Drivers/STM32L1xx_HAL_Driver/Inc/stm32l1xx_ll_bus.h ****   *         APB1RSTR     TIM6RST       LL_APB1_GRP1_ReleaseReset\n
 707:Drivers/STM32L1xx_HAL_Driver/Inc/stm32l1xx_ll_bus.h ****   *         APB1RSTR     TIM7RST       LL_APB1_GRP1_ReleaseReset\n
 708:Drivers/STM32L1xx_HAL_Driver/Inc/stm32l1xx_ll_bus.h ****   *         APB1RSTR     LCDRST        LL_APB1_GRP1_ReleaseReset\n
 709:Drivers/STM32L1xx_HAL_Driver/Inc/stm32l1xx_ll_bus.h ****   *         APB1RSTR     WWDGRST       LL_APB1_GRP1_ReleaseReset\n
 710:Drivers/STM32L1xx_HAL_Driver/Inc/stm32l1xx_ll_bus.h ****   *         APB1RSTR     SPI2RST       LL_APB1_GRP1_ReleaseReset\n
 711:Drivers/STM32L1xx_HAL_Driver/Inc/stm32l1xx_ll_bus.h ****   *         APB1RSTR     SPI3RST       LL_APB1_GRP1_ReleaseReset\n
 712:Drivers/STM32L1xx_HAL_Driver/Inc/stm32l1xx_ll_bus.h ****   *         APB1RSTR     USART2RST     LL_APB1_GRP1_ReleaseReset\n
 713:Drivers/STM32L1xx_HAL_Driver/Inc/stm32l1xx_ll_bus.h ****   *         APB1RSTR     USART3RST     LL_APB1_GRP1_ReleaseReset\n
 714:Drivers/STM32L1xx_HAL_Driver/Inc/stm32l1xx_ll_bus.h ****   *         APB1RSTR     UART4RST      LL_APB1_GRP1_ReleaseReset\n
 715:Drivers/STM32L1xx_HAL_Driver/Inc/stm32l1xx_ll_bus.h ****   *         APB1RSTR     UART5RST      LL_APB1_GRP1_ReleaseReset\n
 716:Drivers/STM32L1xx_HAL_Driver/Inc/stm32l1xx_ll_bus.h ****   *         APB1RSTR     I2C1RST       LL_APB1_GRP1_ReleaseReset\n
 717:Drivers/STM32L1xx_HAL_Driver/Inc/stm32l1xx_ll_bus.h ****   *         APB1RSTR     I2C2RST       LL_APB1_GRP1_ReleaseReset\n
 718:Drivers/STM32L1xx_HAL_Driver/Inc/stm32l1xx_ll_bus.h ****   *         APB1RSTR     USBRST        LL_APB1_GRP1_ReleaseReset\n
 719:Drivers/STM32L1xx_HAL_Driver/Inc/stm32l1xx_ll_bus.h ****   *         APB1RSTR     PWRRST        LL_APB1_GRP1_ReleaseReset\n
 720:Drivers/STM32L1xx_HAL_Driver/Inc/stm32l1xx_ll_bus.h ****   *         APB1RSTR     DACRST        LL_APB1_GRP1_ReleaseReset\n
 721:Drivers/STM32L1xx_HAL_Driver/Inc/stm32l1xx_ll_bus.h ****   *         APB1RSTR     COMPRST       LL_APB1_GRP1_ReleaseReset
 722:Drivers/STM32L1xx_HAL_Driver/Inc/stm32l1xx_ll_bus.h ****   * @param  Periphs This parameter can be a combination of the following values:
 723:Drivers/STM32L1xx_HAL_Driver/Inc/stm32l1xx_ll_bus.h ****   *         @arg @ref LL_APB1_GRP1_PERIPH_ALL
 724:Drivers/STM32L1xx_HAL_Driver/Inc/stm32l1xx_ll_bus.h ****   *         @arg @ref LL_APB1_GRP1_PERIPH_TIM2
 725:Drivers/STM32L1xx_HAL_Driver/Inc/stm32l1xx_ll_bus.h ****   *         @arg @ref LL_APB1_GRP1_PERIPH_TIM3
 726:Drivers/STM32L1xx_HAL_Driver/Inc/stm32l1xx_ll_bus.h ****   *         @arg @ref LL_APB1_GRP1_PERIPH_TIM4
 727:Drivers/STM32L1xx_HAL_Driver/Inc/stm32l1xx_ll_bus.h ****   *         @arg @ref LL_APB1_GRP1_PERIPH_TIM5 (*)
 728:Drivers/STM32L1xx_HAL_Driver/Inc/stm32l1xx_ll_bus.h ****   *         @arg @ref LL_APB1_GRP1_PERIPH_TIM6
 729:Drivers/STM32L1xx_HAL_Driver/Inc/stm32l1xx_ll_bus.h ****   *         @arg @ref LL_APB1_GRP1_PERIPH_TIM7
 730:Drivers/STM32L1xx_HAL_Driver/Inc/stm32l1xx_ll_bus.h ****   *         @arg @ref LL_APB1_GRP1_PERIPH_LCD (*)
 731:Drivers/STM32L1xx_HAL_Driver/Inc/stm32l1xx_ll_bus.h ****   *         @arg @ref LL_APB1_GRP1_PERIPH_WWDG
 732:Drivers/STM32L1xx_HAL_Driver/Inc/stm32l1xx_ll_bus.h ****   *         @arg @ref LL_APB1_GRP1_PERIPH_SPI2
 733:Drivers/STM32L1xx_HAL_Driver/Inc/stm32l1xx_ll_bus.h ****   *         @arg @ref LL_APB1_GRP1_PERIPH_SPI3 (*)
 734:Drivers/STM32L1xx_HAL_Driver/Inc/stm32l1xx_ll_bus.h ****   *         @arg @ref LL_APB1_GRP1_PERIPH_USART2
 735:Drivers/STM32L1xx_HAL_Driver/Inc/stm32l1xx_ll_bus.h ****   *         @arg @ref LL_APB1_GRP1_PERIPH_USART3
 736:Drivers/STM32L1xx_HAL_Driver/Inc/stm32l1xx_ll_bus.h ****   *         @arg @ref LL_APB1_GRP1_PERIPH_UART4 (*)
 737:Drivers/STM32L1xx_HAL_Driver/Inc/stm32l1xx_ll_bus.h ****   *         @arg @ref LL_APB1_GRP1_PERIPH_UART5 (*)
 738:Drivers/STM32L1xx_HAL_Driver/Inc/stm32l1xx_ll_bus.h ****   *         @arg @ref LL_APB1_GRP1_PERIPH_I2C1
 739:Drivers/STM32L1xx_HAL_Driver/Inc/stm32l1xx_ll_bus.h ****   *         @arg @ref LL_APB1_GRP1_PERIPH_I2C2
 740:Drivers/STM32L1xx_HAL_Driver/Inc/stm32l1xx_ll_bus.h ****   *         @arg @ref LL_APB1_GRP1_PERIPH_USB
 741:Drivers/STM32L1xx_HAL_Driver/Inc/stm32l1xx_ll_bus.h ****   *         @arg @ref LL_APB1_GRP1_PERIPH_PWR
 742:Drivers/STM32L1xx_HAL_Driver/Inc/stm32l1xx_ll_bus.h ****   *         @arg @ref LL_APB1_GRP1_PERIPH_DAC1
 743:Drivers/STM32L1xx_HAL_Driver/Inc/stm32l1xx_ll_bus.h ****   *         @arg @ref LL_APB1_GRP1_PERIPH_COMP
 744:Drivers/STM32L1xx_HAL_Driver/Inc/stm32l1xx_ll_bus.h ****   *         @arg @ref LL_APB1_GRP1_PERIPH_OPAMP (*)
ARM GAS  C:\Users\domen\AppData\Local\Temp\ccHqe2wy.s 			page 16


 745:Drivers/STM32L1xx_HAL_Driver/Inc/stm32l1xx_ll_bus.h ****   *
 746:Drivers/STM32L1xx_HAL_Driver/Inc/stm32l1xx_ll_bus.h ****   *         (*) value not defined in all devices.
 747:Drivers/STM32L1xx_HAL_Driver/Inc/stm32l1xx_ll_bus.h ****   * @retval None
 748:Drivers/STM32L1xx_HAL_Driver/Inc/stm32l1xx_ll_bus.h **** */
 749:Drivers/STM32L1xx_HAL_Driver/Inc/stm32l1xx_ll_bus.h **** __STATIC_INLINE void LL_APB1_GRP1_ReleaseReset(uint32_t Periphs)
  51              		.loc 2 749 22 view .LVU6
  52              	.LBB9:
 750:Drivers/STM32L1xx_HAL_Driver/Inc/stm32l1xx_ll_bus.h **** {
 751:Drivers/STM32L1xx_HAL_Driver/Inc/stm32l1xx_ll_bus.h ****   CLEAR_BIT(RCC->APB1RSTR, Periphs);
  53              		.loc 2 751 3 view .LVU7
  54 000a 9A69     		ldr	r2, [r3, #24]
  55 000c 22F08052 		bic	r2, r2, #268435456
  56 0010 9A61     		str	r2, [r3, #24]
  57              	.LVL2:
  58              		.loc 2 751 3 is_stmt 0 view .LVU8
  59              	.LBE9:
  60              	.LBE8:
  63:Drivers/STM32L1xx_HAL_Driver/Src/stm32l1xx_ll_pwr.c **** 
  64:Drivers/STM32L1xx_HAL_Driver/Src/stm32l1xx_ll_pwr.c ****   return SUCCESS;
  61              		.loc 1 64 3 is_stmt 1 view .LVU9
  65:Drivers/STM32L1xx_HAL_Driver/Src/stm32l1xx_ll_pwr.c **** }
  62              		.loc 1 65 1 is_stmt 0 view .LVU10
  63 0012 0020     		movs	r0, #0
  64 0014 7047     		bx	lr
  65              	.L3:
  66 0016 00BF     		.align	2
  67              	.L2:
  68 0018 00380240 		.word	1073887232
  69              		.cfi_endproc
  70              	.LFE129:
  72              		.text
  73              	.Letext0:
  74              		.file 3 "c:\\users\\domen\\appdata\\roaming\\gnu mcu eclipse\\arm embedded gcc\\8.3.1-1.1\\arm-non
  75              		.file 4 "c:\\users\\domen\\appdata\\roaming\\gnu mcu eclipse\\arm embedded gcc\\8.3.1-1.1\\arm-non
  76              		.file 5 "Drivers/CMSIS/Include/core_cm3.h"
  77              		.file 6 "Drivers/CMSIS/Device/ST/STM32L1xx/Include/system_stm32l1xx.h"
  78              		.file 7 "Drivers/CMSIS/Device/ST/STM32L1xx/Include/stm32l100xc.h"
  79              		.file 8 "Drivers/CMSIS/Device/ST/STM32L1xx/Include/stm32l1xx.h"
ARM GAS  C:\Users\domen\AppData\Local\Temp\ccHqe2wy.s 			page 17


DEFINED SYMBOLS
                            *ABS*:0000000000000000 stm32l1xx_ll_pwr.c
C:\Users\domen\AppData\Local\Temp\ccHqe2wy.s:16     .text.LL_PWR_DeInit:0000000000000000 $t
C:\Users\domen\AppData\Local\Temp\ccHqe2wy.s:24     .text.LL_PWR_DeInit:0000000000000000 LL_PWR_DeInit
C:\Users\domen\AppData\Local\Temp\ccHqe2wy.s:68     .text.LL_PWR_DeInit:0000000000000018 $d

NO UNDEFINED SYMBOLS
